#
# A fatal error has been detected by the Java Runtime Environment:
#
#  EXCEPTION_ACCESS_VIOLATION (0xc0000005) at pc=0x00007ffac0c1a7bf, pid=15872, tid=8804
#
# JRE version: OpenJDK Runtime Environment AdoptOpenJDK-11.0.11+9 (11.0.11+9) (build 11.0.11+9)
# Java VM: OpenJDK 64-Bit Server VM AdoptOpenJDK-11.0.11+9 (11.0.11+9, mixed mode, tiered, compressed oops, g1 gc, windows-amd64)
# Problematic frame:
# C  [skiko-windows-x64.dll+0x7a7bf]
#
# No core dump will be written. Minidumps are not enabled by default on client versions of Windows
#
# If you would like to submit a bug report, please visit:
#   https://github.com/AdoptOpenJDK/openjdk-support/issues
# The crash happened outside the Java Virtual Machine in native code.
# See problematic frame for where to report the bug.
#

---------------  S U M M A R Y ------------

Command Line: -javaagent:C:\Program Files\JetBrains\IntelliJ IDEA 2021.1\lib\idea_rt.jar=53964:C:\Program Files\JetBrains\IntelliJ IDEA 2021.1\bin -Dfile.encoding=UTF-8 MainKt

Host: AMD Ryzen 7 5800X 8-Core Processor             , 16 cores, 31G,  Windows 10 , 64 bit Build 19041 (10.0.19041.2364)
Time: Sat Jan 21 22:34:46 2023 Mountain Standard Time elapsed time: 0.531609 seconds (0d 0h 0m 0s)

---------------  T H R E A D  ---------------

Current thread (0x000001a1b7361800):  JavaThread "AWT-EventQueue-0" [_thread_in_native, id=8804, stack(0x0000001465500000,0x0000001465600000)]

Stack: [0x0000001465500000,0x0000001465600000],  sp=0x00000014655fa090,  free space=1000k
Native frames: (J=compiled Java code, j=interpreted, Vv=VM code, C=native code)
C  [skiko-windows-x64.dll+0x7a7bf]

Java frames: (J=compiled Java code, j=interpreted, Vv=VM code)
j  org.jetbrains.skia.paragraph.ParagraphBuilderKt._nMake(JJ)J+0
j  org.jetbrains.skia.paragraph.ParagraphBuilderKt.makeParagraphBuilder(Lorg/jetbrains/skia/paragraph/ParagraphStyle;Lorg/jetbrains/skia/paragraph/FontCollection;)J+21
j  org.jetbrains.skia.paragraph.ParagraphBuilderKt.access$makeParagraphBuilder(Lorg/jetbrains/skia/paragraph/ParagraphStyle;Lorg/jetbrains/skia/paragraph/FontCollection;)J+2
j  org.jetbrains.skia.paragraph.ParagraphBuilder.<init>(Lorg/jetbrains/skia/paragraph/ParagraphStyle;Lorg/jetbrains/skia/paragraph/FontCollection;)V+3
j  MainKt$main$1.onRender(Lorg/jetbrains/skia/Canvas;IIJ)V+50
j  org.jetbrains.skiko.GenericSkikoView.onRender(Lorg/jetbrains/skia/Canvas;IIJ)V+43
j  org.jetbrains.skiko.SkiaLayer.update$skiko(J)V+213
j  org.jetbrains.skiko.redrawer.AWTRedrawer.update(J)V+57
j  org.jetbrains.skiko.redrawer.Direct3DRedrawer.redrawImmediately()V+175
j  org.jetbrains.skiko.SkiaLayer.paint(Ljava/awt/Graphics;)V+51
j  javax.swing.JComponent.paintChildren(Ljava/awt/Graphics;)V+523 java.desktop@11.0.11
j  javax.swing.JComponent.paint(Ljava/awt/Graphics;)V+318 java.desktop@11.0.11
j  javax.swing.JComponent.paintChildren(Ljava/awt/Graphics;)V+523 java.desktop@11.0.11
j  javax.swing.JComponent.paint(Ljava/awt/Graphics;)V+318 java.desktop@11.0.11
j  javax.swing.JLayeredPane.paint(Ljava/awt/Graphics;)V+73 java.desktop@11.0.11
j  javax.swing.JComponent.paintChildren(Ljava/awt/Graphics;)V+523 java.desktop@11.0.11
j  javax.swing.JComponent.paintToOffscreen(Ljava/awt/Graphics;IIIIII)V+72 java.desktop@11.0.11
j  javax.swing.RepaintManager$PaintManager.paintDoubleBufferedImpl(Ljavax/swing/JComponent;Ljava/awt/Image;Ljava/awt/Graphics;IIII)V+163 java.desktop@11.0.11
j  javax.swing.RepaintManager$PaintManager.paintDoubleBuffered(Ljavax/swing/JComponent;Ljava/awt/Image;Ljava/awt/Graphics;IIII)V+46 java.desktop@11.0.11
j  javax.swing.RepaintManager$PaintManager.paint(Ljavax/swing/JComponent;Ljavax/swing/JComponent;Ljava/awt/Graphics;IIII)Z+128 java.desktop@11.0.11
j  javax.swing.RepaintManager.paint(Ljavax/swing/JComponent;Ljavax/swing/JComponent;Ljava/awt/Graphics;IIII)V+51 java.desktop@11.0.11
j  javax.swing.JComponent.paint(Ljava/awt/Graphics;)V+221 java.desktop@11.0.11
j  java.awt.GraphicsCallback$PaintCallback.run(Ljava/awt/Component;Ljava/awt/Graphics;)V+2 java.desktop@11.0.11
j  sun.awt.SunGraphicsCallback.runOneComponent(Ljava/awt/Component;Ljava/awt/Rectangle;Ljava/awt/Graphics;Ljava/awt/Shape;I)V+155 java.desktop@11.0.11
j  sun.awt.SunGraphicsCallback.runComponents([Ljava/awt/Component;Ljava/awt/Graphics;I)V+157 java.desktop@11.0.11
j  java.awt.Container.paint(Ljava/awt/Graphics;)V+58 java.desktop@11.0.11
j  java.awt.Window.paint(Ljava/awt/Graphics;)V+68 java.desktop@11.0.11
j  javax.swing.RepaintManager$4.run()Ljava/lang/Void;+142 java.desktop@11.0.11
j  javax.swing.RepaintManager$4.run()Ljava/lang/Object;+1 java.desktop@11.0.11
v  ~StubRoutines::call_stub
j  java.security.AccessController.doPrivileged(Ljava/security/PrivilegedAction;Ljava/security/AccessControlContext;)Ljava/lang/Object;+0 java.base@11.0.11
j  java.security.ProtectionDomain$JavaSecurityAccessImpl.doIntersectionPrivilege(Ljava/security/PrivilegedAction;Ljava/security/AccessControlContext;Ljava/security/AccessControlContext;)Ljava/lang/Object;+18 java.base@11.0.11
j  javax.swing.RepaintManager.paintDirtyRegions(Ljava/util/Map;)V+154 java.desktop@11.0.11
j  javax.swing.RepaintManager.paintDirtyRegions()V+46 java.desktop@11.0.11
j  javax.swing.RepaintManager.prePaintDirtyRegions()V+73 java.desktop@11.0.11
j  javax.swing.RepaintManager$ProcessingRunnable.run()V+37 java.desktop@11.0.11
j  java.awt.event.InvocationEvent.dispatch()V+47 java.desktop@11.0.11
j  java.awt.EventQueue.dispatchEventImpl(Ljava/awt/AWTEvent;Ljava/lang/Object;)V+21 java.desktop@11.0.11
j  java.awt.EventQueue$4.run()Ljava/lang/Void;+32 java.desktop@11.0.11
j  java.awt.EventQueue$4.run()Ljava/lang/Object;+1 java.desktop@11.0.11
v  ~StubRoutines::call_stub
j  java.security.AccessController.doPrivileged(Ljava/security/PrivilegedAction;Ljava/security/AccessControlContext;)Ljava/lang/Object;+0 java.base@11.0.11
j  java.security.ProtectionDomain$JavaSecurityAccessImpl.doIntersectionPrivilege(Ljava/security/PrivilegedAction;Ljava/security/AccessControlContext;Ljava/security/AccessControlContext;)Ljava/lang/Object;+18 java.base@11.0.11
j  java.awt.EventQueue.dispatchEvent(Ljava/awt/AWTEvent;)V+46 java.desktop@11.0.11
j  java.awt.EventDispatchThread.pumpOneEventForFilters(I)V+78 java.desktop@11.0.11
j  java.awt.EventDispatchThread.pumpEventsForFilter(ILjava/awt/Conditional;Ljava/awt/EventFilter;)V+35 java.desktop@11.0.11
j  java.awt.EventDispatchThread.pumpEventsForHierarchy(ILjava/awt/Conditional;Ljava/awt/Component;)V+11 java.desktop@11.0.11
j  java.awt.EventDispatchThread.pumpEvents(ILjava/awt/Conditional;)V+4 java.desktop@11.0.11
j  java.awt.EventDispatchThread.pumpEvents(Ljava/awt/Conditional;)V+3 java.desktop@11.0.11
j  java.awt.EventDispatchThread.run()V+9 java.desktop@11.0.11
v  ~StubRoutines::call_stub

siginfo: EXCEPTION_ACCESS_VIOLATION (0xc0000005), reading address 0x0000000000000000


Register to memory mapping:

RIP=0x00007ffac0c1a7bf skiko-windows-x64.dll
RAX=0x0 is NULL
RBX=0x000001a1b80e1be8 points into unknown readable memory: 0x0000000000000000 | 00 00 00 00 00 00 00 00
RCX=0x000001a1b80e1be8 points into unknown readable memory: 0x0000000000000000 | 00 00 00 00 00 00 00 00
RDX=0x0 is NULL
RSP=0x00000014655fa090 is pointing into the stack for thread: 0x000001a1b7361800
RBP=0x0 is NULL
RSI=0x000001a1b80e1be8 points into unknown readable memory: 0x0000000000000000 | 00 00 00 00 00 00 00 00
RDI=0x0 is NULL
R8 =0x00000014655fa1a0 is pointing into the stack for thread: 0x000001a1b7361800
R9 =0x00000014655fa1b8 is pointing into the stack for thread: 0x000001a1b7361800
R10=0x0 is NULL
R11=0x6600000000000002 is an unknown value
R12=0x0 is NULL
R13={method} {0x000001a1c27a5c08} '_nMake' '(JJ)J' in 'org/jetbrains/skia/paragraph/ParagraphBuilderKt'
R14=0x00000014655fa1b8 is pointing into the stack for thread: 0x000001a1b7361800
R15=0x0 is NULL


Registers:
RAX=0x0000000000000000, RBX=0x000001a1b80e1be8, RCX=0x000001a1b80e1be8, RDX=0x0000000000000000
RSP=0x00000014655fa090, RBP=0x0000000000000000, RSI=0x000001a1b80e1be8, RDI=0x0000000000000000
R8 =0x00000014655fa1a0, R9 =0x00000014655fa1b8, R10=0x0000000000000000, R11=0x6600000000000002
R12=0x0000000000000000, R13=0x000001a1c27a5c00, R14=0x00000014655fa1b8, R15=0x0000000000000000
RIP=0x00007ffac0c1a7bf, EFLAGS=0x0000000000010246

Top of Stack: (sp=0x00000014655fa090)
0x00000014655fa090:   0000000000000001 00007ffac181244c
0x00000014655fa0a0:   0000000000000000 0000000000000008
0x00000014655fa0b0:   00000014655fa1a0 00007ffac1623523
0x00000014655fa0c0:   0000000000000008 000001a1b80e1be8
0x00000014655fa0d0:   0000000000000000 00007ffac181244c
0x00000014655fa0e0:   0000000000000000 00000014655fa1b8
0x00000014655fa0f0:   00000000ffffffff 00007ffac16233f8
0x00000014655fa100:   000001a1b80e06c0 0000000000000000
0x00000014655fa110:   00000014655fa1a0 00007ffac1d2d069
0x00000014655fa120:   00000014655fa1e0 00000014655fa1e8
0x00000014655fa130:   000001a19014a127 00007ffac162491c
0x00000014655fa140:   0000000000000000 00000000ffffffff
0x00000014655fa150:   000001a1b80e06c0 000001a1b7361800
0x00000014655fa160:   000001a1b7361800 0000000000000000
0x00000014655fa170:   000001a19014a127 0000000000000140
0x00000014655fa180:   000001a1c27a5c00 00000014655fa290 

Instructions: (pc=0x00007ffac0c1a7bf)
0x00007ffac0c1a6bf:   8b 6c 24 38 48 8b c7 48 8b 74 24 40 48 83 c4 20
0x00007ffac0c1a6cf:   5f c3 cc cc cc cc cc cc cc cc cc cc cc cc cc cc
0x00007ffac0c1a6df:   cc cc cc cc cc cc cc cc cc cc cc cc cc cc cc cc
0x00007ffac0c1a6ef:   cc cc cc cc cc cc cc cc cc cc cc cc cc cc cc cc
0x00007ffac0c1a6ff:   cc 48 89 6c 24 18 48 89 74 24 20 41 56 48 83 ec
0x00007ffac0c1a70f:   20 33 c0 48 8b f1 48 89 01 48 89 41 08 48 89 41
0x00007ffac0c1a71f:   10 4c 8b 32 48 8b 6a 08 4c 3b f5 74 3f 48 89 5c
0x00007ffac0c1a72f:   24 30 49 2b ee 48 89 7c 24 38 48 8b fd 48 c1 ff
0x00007ffac0c1a73f:   03 48 8b d7 e8 86 52 fa ff 48 8b 1e 4c 8b c5 48
0x00007ffac0c1a74f:   8b cb 49 8b d6 e8 7e e9 fa ff 48 8d 04 fb 48 8b
0x00007ffac0c1a75f:   7c 24 38 48 8b 5c 24 30 48 89 46 08 48 8b 6c 24
0x00007ffac0c1a76f:   40 48 8b c6 48 8b 74 24 48 48 83 c4 20 41 5e c3
0x00007ffac0c1a77f:   cc cc cc cc cc cc cc cc cc cc cc cc cc cc cc cc
0x00007ffac0c1a78f:   cc cc cc cc cc cc cc cc cc cc cc cc cc cc cc cc
0x00007ffac0c1a79f:   cc 48 89 5c 24 10 48 89 6c 24 18 56 48 83 ec 20
0x00007ffac0c1a7af:   33 c0 48 8b f1 48 89 01 48 89 41 08 48 89 41 10
0x00007ffac0c1a7bf:   48 8b 1a 48 8b 6a 08 48 3b dd 74 38 48 8b d5 48
0x00007ffac0c1a7cf:   89 7c 24 30 48 2b d3 48 c1 fa 03 e8 77 33 fa ff
0x00007ffac0c1a7df:   48 8b 3e 48 8b d3 48 8b cf e8 7d 06 fa ff 48 83
0x00007ffac0c1a7ef:   c7 08 48 83 c3 08 48 3b dd 75 e8 48 89 7e 08 48
0x00007ffac0c1a7ff:   8b 7c 24 30 48 8b 5c 24 38 48 8b c6 48 8b 6c 24
0x00007ffac0c1a80f:   40 48 83 c4 20 5e c3 cc cc cc cc cc cc cc cc cc
0x00007ffac0c1a81f:   cc cc cc cc cc cc cc cc cc cc cc cc cc cc cc cc
0x00007ffac0c1a82f:   cc cc cc cc cc cc cc cc cc cc cc cc cc cc cc cc
0x00007ffac0c1a83f:   cc 48 89 5c 24 10 48 89 6c 24 18 56 48 83 ec 20
0x00007ffac0c1a84f:   33 c0 48 8b f1 48 89 01 48 89 41 08 48 89 41 10
0x00007ffac0c1a85f:   48 8b 1a 48 8b 6a 08 48 3b dd 74 76 48 89 7c 24
0x00007ffac0c1a86f:   30 48 8b d5 48 2b d3 48 b8 ab aa aa aa aa aa aa
0x00007ffac0c1a87f:   2a 48 f7 ea 48 8b fa 48 c1 ff 02 48 8b c7 48 c1
0x00007ffac0c1a88f:   e8 3f 48 03 f8 48 8b d7 e8 36 90 f8 ff 48 8d 0c
0x00007ffac0c1a89f:   7f 48 89 06 48 8b 7c 24 30 48 89 46 08 48 8d 14
0x00007ffac0c1a8af:   c8 48 89 56 10 0f 1f 40 00 0f 1f 84 00 00 00 00 


Stack slot to memory mapping:
stack at sp + 0 slots: 0x0000000000000001 is an unknown value
stack at sp + 1 slots: 0x00007ffac181244c skiko-windows-x64.dll
stack at sp + 2 slots: 0x0 is NULL
stack at sp + 3 slots: 0x0000000000000008 is an unknown value
stack at sp + 4 slots: 0x00000014655fa1a0 is pointing into the stack for thread: 0x000001a1b7361800
stack at sp + 5 slots: 0x00007ffac1623523 skiko-windows-x64.dll
stack at sp + 6 slots: 0x0000000000000008 is an unknown value
stack at sp + 7 slots: 0x000001a1b80e1be8 points into unknown readable memory: 0x0000000000000000 | 00 00 00 00 00 00 00 00


---------------  P R O C E S S  ---------------

Threads class SMR info:
_java_thread_list=0x000001a1b7ff33e0, length=25, elements={
0x000001a1b63e1800, 0x000001a1b640d000, 0x000001a1b645e800, 0x000001a1b645f800,
0x000001a1b6461800, 0x000001a1b646d000, 0x000001a1b6494000, 0x000001a1b64a2000,
0x000001a1b6580000, 0x000001a1b660c800, 0x000001a1b6619800, 0x000001a1b68e5800,
0x000001a1b6bf6000, 0x000001a1b6ba2800, 0x000001a1b6c11000, 0x000001a1b6c57800,
0x000001a1b6c28800, 0x000001a1b730f800, 0x000001a1b72ff800, 0x000001a1b6d8b000,
0x000001a1b7361800, 0x000001a1b7362000, 0x000001a1b7b61800, 0x000001a1b7b83800,
0x000001a1b735f000
}

Java Threads: ( => current thread )
  0x000001a1b63e1800 JavaThread "Reference Handler" daemon [_thread_blocked, id=3496, stack(0x0000001463f00000,0x0000001464000000)]
  0x000001a1b640d000 JavaThread "Finalizer" daemon [_thread_blocked, id=9436, stack(0x0000001464000000,0x0000001464100000)]
  0x000001a1b645e800 JavaThread "Signal Dispatcher" daemon [_thread_blocked, id=9988, stack(0x0000001464100000,0x0000001464200000)]
  0x000001a1b645f800 JavaThread "Attach Listener" daemon [_thread_blocked, id=2852, stack(0x0000001464200000,0x0000001464300000)]
  0x000001a1b6461800 JavaThread "Service Thread" daemon [_thread_blocked, id=8768, stack(0x0000001464300000,0x0000001464400000)]
  0x000001a1b646d000 JavaThread "C2 CompilerThread0" daemon [_thread_blocked, id=9036, stack(0x0000001464400000,0x0000001464500000)]
  0x000001a1b6494000 JavaThread "C1 CompilerThread0" daemon [_thread_blocked, id=5016, stack(0x0000001464500000,0x0000001464600000)]
  0x000001a1b64a2000 JavaThread "Sweeper thread" daemon [_thread_blocked, id=3436, stack(0x0000001464600000,0x0000001464700000)]
  0x000001a1b6580000 JavaThread "Common-Cleaner" daemon [_thread_blocked, id=4572, stack(0x0000001464700000,0x0000001464800000)]
  0x000001a1b660c800 JavaThread "C1 CompilerThread1" daemon [_thread_blocked, id=4348, stack(0x0000001464800000,0x0000001464900000)]
  0x000001a1b6619800 JavaThread "C2 CompilerThread1" daemon [_thread_blocked, id=14092, stack(0x0000001464900000,0x0000001464a00000)]
  0x000001a1b68e5800 JavaThread "Monitor Ctrl-Break" daemon [_thread_in_native, id=17972, stack(0x0000001464b00000,0x0000001464c00000)]
  0x000001a1b6bf6000 JavaThread "DefaultDispatcher-worker-1" daemon [_thread_blocked, id=18300, stack(0x0000001464d00000,0x0000001464e00000)]
  0x000001a1b6ba2800 JavaThread "DefaultDispatcher-worker-2" daemon [_thread_blocked, id=11144, stack(0x0000001464e00000,0x0000001464f00000)]
  0x000001a1b6c11000 JavaThread "DefaultDispatcher-worker-3" daemon [_thread_blocked, id=10036, stack(0x0000001464f00000,0x0000001465000000)]
  0x000001a1b6c57800 JavaThread "Reference Cleaner" daemon [_thread_blocked, id=9504, stack(0x0000001465000000,0x0000001465100000)]
  0x000001a1b6c28800 JavaThread "kotlinx.coroutines.DefaultExecutor" daemon [_thread_blocked, id=7740, stack(0x0000001465100000,0x0000001465200000)]
  0x000001a1b730f800 JavaThread "Java2D Disposer" daemon [_thread_blocked, id=9920, stack(0x0000001465200000,0x0000001465300000)]
  0x000001a1b72ff800 JavaThread "AWT-Shutdown" [_thread_blocked, id=3032, stack(0x0000001465300000,0x0000001465400000)]
  0x000001a1b6d8b000 JavaThread "AWT-Windows" daemon [_thread_in_native, id=16616, stack(0x0000001465400000,0x0000001465500000)]
=>0x000001a1b7361800 JavaThread "AWT-EventQueue-0" [_thread_in_native, id=8804, stack(0x0000001465500000,0x0000001465600000)]
  0x000001a1b7362000 JavaThread "DestroyJavaVM" [_thread_blocked, id=16744, stack(0x0000001463800000,0x0000001463900000)]
  0x000001a1b7b61800 JavaThread "C1 CompilerThread2" daemon [_thread_blocked, id=2256, stack(0x0000001465880000,0x0000001465980000)]
  0x000001a1b7b83800 JavaThread "C1 CompilerThread3" daemon [_thread_blocked, id=9052, stack(0x0000001465980000,0x0000001465a80000)]
  0x000001a1b735f000 JavaThread "D3D Screen Updater" daemon [_thread_blocked, id=6396, stack(0x0000001464a00000,0x0000001464b00000)]

Other Threads:
  0x000001a1b63e1000 VMThread "VM Thread" [stack: 0x0000001463e00000,0x0000001463f00000] [id=7960]
  0x000001a1b68e6000 WatcherThread [stack: 0x0000001464c00000,0x0000001464d00000] [id=9208]
  0x000001a187a46800 GCTaskThread "GC Thread#0" [stack: 0x0000001463900000,0x0000001463a00000] [id=3508]
  0x000001a1b7b51800 GCTaskThread "GC Thread#1" [stack: 0x0000001465d80000,0x0000001465e80000] [id=16788]
  0x000001a1b7f5c000 GCTaskThread "GC Thread#2" [stack: 0x0000001465e80000,0x0000001465f80000] [id=4244]
  0x000001a1b7b56800 GCTaskThread "GC Thread#3" [stack: 0x0000001465f80000,0x0000001466080000] [id=17272]
  0x000001a1b7fa0000 GCTaskThread "GC Thread#4" [stack: 0x0000001466080000,0x0000001466180000] [id=3332]
  0x000001a1b7fa0800 GCTaskThread "GC Thread#5" [stack: 0x0000001466180000,0x0000001466280000] [id=1772]
  0x000001a1b7fad800 GCTaskThread "GC Thread#6" [stack: 0x0000001466280000,0x0000001466380000] [id=6468]
  0x000001a1b7fae000 GCTaskThread "GC Thread#7" [stack: 0x0000001466380000,0x0000001466480000] [id=2360]
  0x000001a1b7faf000 GCTaskThread "GC Thread#8" [stack: 0x0000001466480000,0x0000001466580000] [id=4512]
  0x000001a1b7fb3800 GCTaskThread "GC Thread#9" [stack: 0x0000001466580000,0x0000001466680000] [id=12656]
  0x000001a1b7fbc800 GCTaskThread "GC Thread#10" [stack: 0x0000001466680000,0x0000001466780000] [id=12796]
  0x000001a1b7fc5800 GCTaskThread "GC Thread#11" [stack: 0x0000001466780000,0x0000001466880000] [id=2844]
  0x000001a187ac9800 ConcurrentGCThread "G1 Main Marker" [stack: 0x0000001463a00000,0x0000001463b00000] [id=1792]
  0x000001a187acb000 ConcurrentGCThread "G1 Conc#0" [stack: 0x0000001463b00000,0x0000001463c00000] [id=7044]
  0x000001a1b51b8800 ConcurrentGCThread "G1 Refine#0" [stack: 0x0000001463c00000,0x0000001463d00000] [id=2780]
  0x000001a1b51b9800 ConcurrentGCThread "G1 Young RemSet Sampling" [stack: 0x0000001463d00000,0x0000001463e00000] [id=1764]

Threads with active compile tasks:

VM state:not at safepoint (normal execution)

VM Mutex/Monitor currently owned by a thread: None

Heap address: 0x0000000601600000, size: 8170 MB, Compressed Oops mode: Zero based, Oop shift amount: 3
Narrow klass base: 0x0000000800000000, Narrow klass shift: 0
Compressed class space size: 1073741824 Address: 0x0000000800000000

Heap:
 garbage-first heap   total 524288K, used 6847K [0x0000000601600000, 0x0000000800000000)
  region size 2048K, 5 young (10240K), 2 survivors (4096K)
 Metaspace       used 17071K, capacity 17476K, committed 17536K, reserved 1064960K
  class space    used 1693K, capacity 1884K, committed 1920K, reserved 1048576K
Heap Regions: E=young(eden), S=young(survivor), O=old, HS=humongous(starts), HC=humongous(continues), CS=collection set, F=free, A=archive, TAMS=top-at-mark-start (previous, next)
|   0|0x0000000601600000, 0x0000000601600000, 0x0000000601800000|  0%| F|  |TAMS 0x0000000601600000, 0x0000000601600000| Untracked 
|   1|0x0000000601800000, 0x0000000601800000, 0x0000000601a00000|  0%| F|  |TAMS 0x0000000601800000, 0x0000000601800000| Untracked 
|   2|0x0000000601a00000, 0x0000000601a00000, 0x0000000601c00000|  0%| F|  |TAMS 0x0000000601a00000, 0x0000000601a00000| Untracked 
|   3|0x0000000601c00000, 0x0000000601c00000, 0x0000000601e00000|  0%| F|  |TAMS 0x0000000601c00000, 0x0000000601c00000| Untracked 
|   4|0x0000000601e00000, 0x0000000601e00000, 0x0000000602000000|  0%| F|  |TAMS 0x0000000601e00000, 0x0000000601e00000| Untracked 
|   5|0x0000000602000000, 0x0000000602000000, 0x0000000602200000|  0%| F|  |TAMS 0x0000000602000000, 0x0000000602000000| Untracked 
|   6|0x0000000602200000, 0x0000000602200000, 0x0000000602400000|  0%| F|  |TAMS 0x0000000602200000, 0x0000000602200000| Untracked 
|   7|0x0000000602400000, 0x0000000602400000, 0x0000000602600000|  0%| F|  |TAMS 0x0000000602400000, 0x0000000602400000| Untracked 
|   8|0x0000000602600000, 0x0000000602600000, 0x0000000602800000|  0%| F|  |TAMS 0x0000000602600000, 0x0000000602600000| Untracked 
|   9|0x0000000602800000, 0x0000000602800000, 0x0000000602a00000|  0%| F|  |TAMS 0x0000000602800000, 0x0000000602800000| Untracked 
|  10|0x0000000602a00000, 0x0000000602a00000, 0x0000000602c00000|  0%| F|  |TAMS 0x0000000602a00000, 0x0000000602a00000| Untracked 
|  11|0x0000000602c00000, 0x0000000602c00000, 0x0000000602e00000|  0%| F|  |TAMS 0x0000000602c00000, 0x0000000602c00000| Untracked 
|  12|0x0000000602e00000, 0x0000000602e00000, 0x0000000603000000|  0%| F|  |TAMS 0x0000000602e00000, 0x0000000602e00000| Untracked 
|  13|0x0000000603000000, 0x0000000603000000, 0x0000000603200000|  0%| F|  |TAMS 0x0000000603000000, 0x0000000603000000| Untracked 
|  14|0x0000000603200000, 0x0000000603200000, 0x0000000603400000|  0%| F|  |TAMS 0x0000000603200000, 0x0000000603200000| Untracked 
|  15|0x0000000603400000, 0x0000000603400000, 0x0000000603600000|  0%| F|  |TAMS 0x0000000603400000, 0x0000000603400000| Untracked 
|  16|0x0000000603600000, 0x0000000603600000, 0x0000000603800000|  0%| F|  |TAMS 0x0000000603600000, 0x0000000603600000| Untracked 
|  17|0x0000000603800000, 0x0000000603800000, 0x0000000603a00000|  0%| F|  |TAMS 0x0000000603800000, 0x0000000603800000| Untracked 
|  18|0x0000000603a00000, 0x0000000603a00000, 0x0000000603c00000|  0%| F|  |TAMS 0x0000000603a00000, 0x0000000603a00000| Untracked 
|  19|0x0000000603c00000, 0x0000000603c00000, 0x0000000603e00000|  0%| F|  |TAMS 0x0000000603c00000, 0x0000000603c00000| Untracked 
|  20|0x0000000603e00000, 0x0000000603e00000, 0x0000000604000000|  0%| F|  |TAMS 0x0000000603e00000, 0x0000000603e00000| Untracked 
|  21|0x0000000604000000, 0x0000000604000000, 0x0000000604200000|  0%| F|  |TAMS 0x0000000604000000, 0x0000000604000000| Untracked 
|  22|0x0000000604200000, 0x0000000604200000, 0x0000000604400000|  0%| F|  |TAMS 0x0000000604200000, 0x0000000604200000| Untracked 
|  23|0x0000000604400000, 0x0000000604400000, 0x0000000604600000|  0%| F|  |TAMS 0x0000000604400000, 0x0000000604400000| Untracked 
|  24|0x0000000604600000, 0x0000000604600000, 0x0000000604800000|  0%| F|  |TAMS 0x0000000604600000, 0x0000000604600000| Untracked 
|  25|0x0000000604800000, 0x0000000604800000, 0x0000000604a00000|  0%| F|  |TAMS 0x0000000604800000, 0x0000000604800000| Untracked 
|  26|0x0000000604a00000, 0x0000000604a00000, 0x0000000604c00000|  0%| F|  |TAMS 0x0000000604a00000, 0x0000000604a00000| Untracked 
|  27|0x0000000604c00000, 0x0000000604c00000, 0x0000000604e00000|  0%| F|  |TAMS 0x0000000604c00000, 0x0000000604c00000| Untracked 
|  28|0x0000000604e00000, 0x0000000604e00000, 0x0000000605000000|  0%| F|  |TAMS 0x0000000604e00000, 0x0000000604e00000| Untracked 
|  29|0x0000000605000000, 0x0000000605000000, 0x0000000605200000|  0%| F|  |TAMS 0x0000000605000000, 0x0000000605000000| Untracked 
|  30|0x0000000605200000, 0x0000000605200000, 0x0000000605400000|  0%| F|  |TAMS 0x0000000605200000, 0x0000000605200000| Untracked 
|  31|0x0000000605400000, 0x0000000605400000, 0x0000000605600000|  0%| F|  |TAMS 0x0000000605400000, 0x0000000605400000| Untracked 
|  32|0x0000000605600000, 0x0000000605600000, 0x0000000605800000|  0%| F|  |TAMS 0x0000000605600000, 0x0000000605600000| Untracked 
|  33|0x0000000605800000, 0x0000000605800000, 0x0000000605a00000|  0%| F|  |TAMS 0x0000000605800000, 0x0000000605800000| Untracked 
|  34|0x0000000605a00000, 0x0000000605a00000, 0x0000000605c00000|  0%| F|  |TAMS 0x0000000605a00000, 0x0000000605a00000| Untracked 
|  35|0x0000000605c00000, 0x0000000605c00000, 0x0000000605e00000|  0%| F|  |TAMS 0x0000000605c00000, 0x0000000605c00000| Untracked 
|  36|0x0000000605e00000, 0x0000000605e00000, 0x0000000606000000|  0%| F|  |TAMS 0x0000000605e00000, 0x0000000605e00000| Untracked 
|  37|0x0000000606000000, 0x0000000606000000, 0x0000000606200000|  0%| F|  |TAMS 0x0000000606000000, 0x0000000606000000| Untracked 
|  38|0x0000000606200000, 0x0000000606200000, 0x0000000606400000|  0%| F|  |TAMS 0x0000000606200000, 0x0000000606200000| Untracked 
|  39|0x0000000606400000, 0x0000000606400000, 0x0000000606600000|  0%| F|  |TAMS 0x0000000606400000, 0x0000000606400000| Untracked 
|  40|0x0000000606600000, 0x0000000606600000, 0x0000000606800000|  0%| F|  |TAMS 0x0000000606600000, 0x0000000606600000| Untracked 
|  41|0x0000000606800000, 0x0000000606800000, 0x0000000606a00000|  0%| F|  |TAMS 0x0000000606800000, 0x0000000606800000| Untracked 
|  42|0x0000000606a00000, 0x0000000606a00000, 0x0000000606c00000|  0%| F|  |TAMS 0x0000000606a00000, 0x0000000606a00000| Untracked 
|  43|0x0000000606c00000, 0x0000000606c00000, 0x0000000606e00000|  0%| F|  |TAMS 0x0000000606c00000, 0x0000000606c00000| Untracked 
|  44|0x0000000606e00000, 0x0000000606e00000, 0x0000000607000000|  0%| F|  |TAMS 0x0000000606e00000, 0x0000000606e00000| Untracked 
|  45|0x0000000607000000, 0x0000000607000000, 0x0000000607200000|  0%| F|  |TAMS 0x0000000607000000, 0x0000000607000000| Untracked 
|  46|0x0000000607200000, 0x0000000607200000, 0x0000000607400000|  0%| F|  |TAMS 0x0000000607200000, 0x0000000607200000| Untracked 
|  47|0x0000000607400000, 0x0000000607400000, 0x0000000607600000|  0%| F|  |TAMS 0x0000000607400000, 0x0000000607400000| Untracked 
|  48|0x0000000607600000, 0x0000000607600000, 0x0000000607800000|  0%| F|  |TAMS 0x0000000607600000, 0x0000000607600000| Untracked 
|  49|0x0000000607800000, 0x0000000607800000, 0x0000000607a00000|  0%| F|  |TAMS 0x0000000607800000, 0x0000000607800000| Untracked 
|  50|0x0000000607a00000, 0x0000000607a00000, 0x0000000607c00000|  0%| F|  |TAMS 0x0000000607a00000, 0x0000000607a00000| Untracked 
|  51|0x0000000607c00000, 0x0000000607c00000, 0x0000000607e00000|  0%| F|  |TAMS 0x0000000607c00000, 0x0000000607c00000| Untracked 
|  52|0x0000000607e00000, 0x0000000607e00000, 0x0000000608000000|  0%| F|  |TAMS 0x0000000607e00000, 0x0000000607e00000| Untracked 
|  53|0x0000000608000000, 0x0000000608000000, 0x0000000608200000|  0%| F|  |TAMS 0x0000000608000000, 0x0000000608000000| Untracked 
|  54|0x0000000608200000, 0x0000000608200000, 0x0000000608400000|  0%| F|  |TAMS 0x0000000608200000, 0x0000000608200000| Untracked 
|  55|0x0000000608400000, 0x0000000608400000, 0x0000000608600000|  0%| F|  |TAMS 0x0000000608400000, 0x0000000608400000| Untracked 
|  56|0x0000000608600000, 0x0000000608600000, 0x0000000608800000|  0%| F|  |TAMS 0x0000000608600000, 0x0000000608600000| Untracked 
|  57|0x0000000608800000, 0x0000000608800000, 0x0000000608a00000|  0%| F|  |TAMS 0x0000000608800000, 0x0000000608800000| Untracked 
|  58|0x0000000608a00000, 0x0000000608a00000, 0x0000000608c00000|  0%| F|  |TAMS 0x0000000608a00000, 0x0000000608a00000| Untracked 
|  59|0x0000000608c00000, 0x0000000608c00000, 0x0000000608e00000|  0%| F|  |TAMS 0x0000000608c00000, 0x0000000608c00000| Untracked 
|  60|0x0000000608e00000, 0x0000000608e00000, 0x0000000609000000|  0%| F|  |TAMS 0x0000000608e00000, 0x0000000608e00000| Untracked 
|  61|0x0000000609000000, 0x0000000609000000, 0x0000000609200000|  0%| F|  |TAMS 0x0000000609000000, 0x0000000609000000| Untracked 
|  62|0x0000000609200000, 0x0000000609200000, 0x0000000609400000|  0%| F|  |TAMS 0x0000000609200000, 0x0000000609200000| Untracked 
|  63|0x0000000609400000, 0x0000000609400000, 0x0000000609600000|  0%| F|  |TAMS 0x0000000609400000, 0x0000000609400000| Untracked 
|  64|0x0000000609600000, 0x0000000609600000, 0x0000000609800000|  0%| F|  |TAMS 0x0000000609600000, 0x0000000609600000| Untracked 
|  65|0x0000000609800000, 0x0000000609800000, 0x0000000609a00000|  0%| F|  |TAMS 0x0000000609800000, 0x0000000609800000| Untracked 
|  66|0x0000000609a00000, 0x0000000609a00000, 0x0000000609c00000|  0%| F|  |TAMS 0x0000000609a00000, 0x0000000609a00000| Untracked 
|  67|0x0000000609c00000, 0x0000000609c00000, 0x0000000609e00000|  0%| F|  |TAMS 0x0000000609c00000, 0x0000000609c00000| Untracked 
|  68|0x0000000609e00000, 0x0000000609e00000, 0x000000060a000000|  0%| F|  |TAMS 0x0000000609e00000, 0x0000000609e00000| Untracked 
|  69|0x000000060a000000, 0x000000060a000000, 0x000000060a200000|  0%| F|  |TAMS 0x000000060a000000, 0x000000060a000000| Untracked 
|  70|0x000000060a200000, 0x000000060a200000, 0x000000060a400000|  0%| F|  |TAMS 0x000000060a200000, 0x000000060a200000| Untracked 
|  71|0x000000060a400000, 0x000000060a400000, 0x000000060a600000|  0%| F|  |TAMS 0x000000060a400000, 0x000000060a400000| Untracked 
|  72|0x000000060a600000, 0x000000060a600000, 0x000000060a800000|  0%| F|  |TAMS 0x000000060a600000, 0x000000060a600000| Untracked 
|  73|0x000000060a800000, 0x000000060a800000, 0x000000060aa00000|  0%| F|  |TAMS 0x000000060a800000, 0x000000060a800000| Untracked 
|  74|0x000000060aa00000, 0x000000060aa00000, 0x000000060ac00000|  0%| F|  |TAMS 0x000000060aa00000, 0x000000060aa00000| Untracked 
|  75|0x000000060ac00000, 0x000000060ac00000, 0x000000060ae00000|  0%| F|  |TAMS 0x000000060ac00000, 0x000000060ac00000| Untracked 
|  76|0x000000060ae00000, 0x000000060ae00000, 0x000000060b000000|  0%| F|  |TAMS 0x000000060ae00000, 0x000000060ae00000| Untracked 
|  77|0x000000060b000000, 0x000000060b000000, 0x000000060b200000|  0%| F|  |TAMS 0x000000060b000000, 0x000000060b000000| Untracked 
|  78|0x000000060b200000, 0x000000060b200000, 0x000000060b400000|  0%| F|  |TAMS 0x000000060b200000, 0x000000060b200000| Untracked 
|  79|0x000000060b400000, 0x000000060b400000, 0x000000060b600000|  0%| F|  |TAMS 0x000000060b400000, 0x000000060b400000| Untracked 
|  80|0x000000060b600000, 0x000000060b600000, 0x000000060b800000|  0%| F|  |TAMS 0x000000060b600000, 0x000000060b600000| Untracked 
|  81|0x000000060b800000, 0x000000060b800000, 0x000000060ba00000|  0%| F|  |TAMS 0x000000060b800000, 0x000000060b800000| Untracked 
|  82|0x000000060ba00000, 0x000000060ba00000, 0x000000060bc00000|  0%| F|  |TAMS 0x000000060ba00000, 0x000000060ba00000| Untracked 
|  83|0x000000060bc00000, 0x000000060bc00000, 0x000000060be00000|  0%| F|  |TAMS 0x000000060bc00000, 0x000000060bc00000| Untracked 
|  84|0x000000060be00000, 0x000000060be00000, 0x000000060c000000|  0%| F|  |TAMS 0x000000060be00000, 0x000000060be00000| Untracked 
|  85|0x000000060c000000, 0x000000060c000000, 0x000000060c200000|  0%| F|  |TAMS 0x000000060c000000, 0x000000060c000000| Untracked 
|  86|0x000000060c200000, 0x000000060c200000, 0x000000060c400000|  0%| F|  |TAMS 0x000000060c200000, 0x000000060c200000| Untracked 
|  87|0x000000060c400000, 0x000000060c400000, 0x000000060c600000|  0%| F|  |TAMS 0x000000060c400000, 0x000000060c400000| Untracked 
|  88|0x000000060c600000, 0x000000060c600000, 0x000000060c800000|  0%| F|  |TAMS 0x000000060c600000, 0x000000060c600000| Untracked 
|  89|0x000000060c800000, 0x000000060c800000, 0x000000060ca00000|  0%| F|  |TAMS 0x000000060c800000, 0x000000060c800000| Untracked 
|  90|0x000000060ca00000, 0x000000060ca00000, 0x000000060cc00000|  0%| F|  |TAMS 0x000000060ca00000, 0x000000060ca00000| Untracked 
|  91|0x000000060cc00000, 0x000000060cc00000, 0x000000060ce00000|  0%| F|  |TAMS 0x000000060cc00000, 0x000000060cc00000| Untracked 
|  92|0x000000060ce00000, 0x000000060ce00000, 0x000000060d000000|  0%| F|  |TAMS 0x000000060ce00000, 0x000000060ce00000| Untracked 
|  93|0x000000060d000000, 0x000000060d000000, 0x000000060d200000|  0%| F|  |TAMS 0x000000060d000000, 0x000000060d000000| Untracked 
|  94|0x000000060d200000, 0x000000060d200000, 0x000000060d400000|  0%| F|  |TAMS 0x000000060d200000, 0x000000060d200000| Untracked 
|  95|0x000000060d400000, 0x000000060d400000, 0x000000060d600000|  0%| F|  |TAMS 0x000000060d400000, 0x000000060d400000| Untracked 
|  96|0x000000060d600000, 0x000000060d600000, 0x000000060d800000|  0%| F|  |TAMS 0x000000060d600000, 0x000000060d600000| Untracked 
|  97|0x000000060d800000, 0x000000060d800000, 0x000000060da00000|  0%| F|  |TAMS 0x000000060d800000, 0x000000060d800000| Untracked 
|  98|0x000000060da00000, 0x000000060da00000, 0x000000060dc00000|  0%| F|  |TAMS 0x000000060da00000, 0x000000060da00000| Untracked 
|  99|0x000000060dc00000, 0x000000060dc00000, 0x000000060de00000|  0%| F|  |TAMS 0x000000060dc00000, 0x000000060dc00000| Untracked 
| 100|0x000000060de00000, 0x000000060de00000, 0x000000060e000000|  0%| F|  |TAMS 0x000000060de00000, 0x000000060de00000| Untracked 
| 101|0x000000060e000000, 0x000000060e000000, 0x000000060e200000|  0%| F|  |TAMS 0x000000060e000000, 0x000000060e000000| Untracked 
| 102|0x000000060e200000, 0x000000060e200000, 0x000000060e400000|  0%| F|  |TAMS 0x000000060e200000, 0x000000060e200000| Untracked 
| 103|0x000000060e400000, 0x000000060e400000, 0x000000060e600000|  0%| F|  |TAMS 0x000000060e400000, 0x000000060e400000| Untracked 
| 104|0x000000060e600000, 0x000000060e600000, 0x000000060e800000|  0%| F|  |TAMS 0x000000060e600000, 0x000000060e600000| Untracked 
| 105|0x000000060e800000, 0x000000060e800000, 0x000000060ea00000|  0%| F|  |TAMS 0x000000060e800000, 0x000000060e800000| Untracked 
| 106|0x000000060ea00000, 0x000000060ea00000, 0x000000060ec00000|  0%| F|  |TAMS 0x000000060ea00000, 0x000000060ea00000| Untracked 
| 107|0x000000060ec00000, 0x000000060ec00000, 0x000000060ee00000|  0%| F|  |TAMS 0x000000060ec00000, 0x000000060ec00000| Untracked 
| 108|0x000000060ee00000, 0x000000060ee00000, 0x000000060f000000|  0%| F|  |TAMS 0x000000060ee00000, 0x000000060ee00000| Untracked 
| 109|0x000000060f000000, 0x000000060f000000, 0x000000060f200000|  0%| F|  |TAMS 0x000000060f000000, 0x000000060f000000| Untracked 
| 110|0x000000060f200000, 0x000000060f200000, 0x000000060f400000|  0%| F|  |TAMS 0x000000060f200000, 0x000000060f200000| Untracked 
| 111|0x000000060f400000, 0x000000060f400000, 0x000000060f600000|  0%| F|  |TAMS 0x000000060f400000, 0x000000060f400000| Untracked 
| 112|0x000000060f600000, 0x000000060f600000, 0x000000060f800000|  0%| F|  |TAMS 0x000000060f600000, 0x000000060f600000| Untracked 
| 113|0x000000060f800000, 0x000000060f800000, 0x000000060fa00000|  0%| F|  |TAMS 0x000000060f800000, 0x000000060f800000| Untracked 
| 114|0x000000060fa00000, 0x000000060fa00000, 0x000000060fc00000|  0%| F|  |TAMS 0x000000060fa00000, 0x000000060fa00000| Untracked 
| 115|0x000000060fc00000, 0x000000060fc00000, 0x000000060fe00000|  0%| F|  |TAMS 0x000000060fc00000, 0x000000060fc00000| Untracked 
| 116|0x000000060fe00000, 0x000000060fe00000, 0x0000000610000000|  0%| F|  |TAMS 0x000000060fe00000, 0x000000060fe00000| Untracked 
| 117|0x0000000610000000, 0x0000000610000000, 0x0000000610200000|  0%| F|  |TAMS 0x0000000610000000, 0x0000000610000000| Untracked 
| 118|0x0000000610200000, 0x0000000610200000, 0x0000000610400000|  0%| F|  |TAMS 0x0000000610200000, 0x0000000610200000| Untracked 
| 119|0x0000000610400000, 0x0000000610400000, 0x0000000610600000|  0%| F|  |TAMS 0x0000000610400000, 0x0000000610400000| Untracked 
| 120|0x0000000610600000, 0x0000000610600000, 0x0000000610800000|  0%| F|  |TAMS 0x0000000610600000, 0x0000000610600000| Untracked 
| 121|0x0000000610800000, 0x0000000610800000, 0x0000000610a00000|  0%| F|  |TAMS 0x0000000610800000, 0x0000000610800000| Untracked 
| 122|0x0000000610a00000, 0x0000000610a00000, 0x0000000610c00000|  0%| F|  |TAMS 0x0000000610a00000, 0x0000000610a00000| Untracked 
| 123|0x0000000610c00000, 0x0000000610c00000, 0x0000000610e00000|  0%| F|  |TAMS 0x0000000610c00000, 0x0000000610c00000| Untracked 
| 124|0x0000000610e00000, 0x0000000610e00000, 0x0000000611000000|  0%| F|  |TAMS 0x0000000610e00000, 0x0000000610e00000| Untracked 
| 125|0x0000000611000000, 0x0000000611000000, 0x0000000611200000|  0%| F|  |TAMS 0x0000000611000000, 0x0000000611000000| Untracked 
| 126|0x0000000611200000, 0x0000000611200000, 0x0000000611400000|  0%| F|  |TAMS 0x0000000611200000, 0x0000000611200000| Untracked 
| 127|0x0000000611400000, 0x0000000611400000, 0x0000000611600000|  0%| F|  |TAMS 0x0000000611400000, 0x0000000611400000| Untracked 
| 128|0x0000000611600000, 0x0000000611600000, 0x0000000611800000|  0%| F|  |TAMS 0x0000000611600000, 0x0000000611600000| Untracked 
| 129|0x0000000611800000, 0x0000000611800000, 0x0000000611a00000|  0%| F|  |TAMS 0x0000000611800000, 0x0000000611800000| Untracked 
| 130|0x0000000611a00000, 0x0000000611a00000, 0x0000000611c00000|  0%| F|  |TAMS 0x0000000611a00000, 0x0000000611a00000| Untracked 
| 131|0x0000000611c00000, 0x0000000611c00000, 0x0000000611e00000|  0%| F|  |TAMS 0x0000000611c00000, 0x0000000611c00000| Untracked 
| 132|0x0000000611e00000, 0x0000000611e00000, 0x0000000612000000|  0%| F|  |TAMS 0x0000000611e00000, 0x0000000611e00000| Untracked 
| 133|0x0000000612000000, 0x0000000612000000, 0x0000000612200000|  0%| F|  |TAMS 0x0000000612000000, 0x0000000612000000| Untracked 
| 134|0x0000000612200000, 0x0000000612200000, 0x0000000612400000|  0%| F|  |TAMS 0x0000000612200000, 0x0000000612200000| Untracked 
| 135|0x0000000612400000, 0x0000000612400000, 0x0000000612600000|  0%| F|  |TAMS 0x0000000612400000, 0x0000000612400000| Untracked 
| 136|0x0000000612600000, 0x0000000612600000, 0x0000000612800000|  0%| F|  |TAMS 0x0000000612600000, 0x0000000612600000| Untracked 
| 137|0x0000000612800000, 0x0000000612800000, 0x0000000612a00000|  0%| F|  |TAMS 0x0000000612800000, 0x0000000612800000| Untracked 
| 138|0x0000000612a00000, 0x0000000612a00000, 0x0000000612c00000|  0%| F|  |TAMS 0x0000000612a00000, 0x0000000612a00000| Untracked 
| 139|0x0000000612c00000, 0x0000000612c00000, 0x0000000612e00000|  0%| F|  |TAMS 0x0000000612c00000, 0x0000000612c00000| Untracked 
| 140|0x0000000612e00000, 0x0000000612e00000, 0x0000000613000000|  0%| F|  |TAMS 0x0000000612e00000, 0x0000000612e00000| Untracked 
| 141|0x0000000613000000, 0x0000000613000000, 0x0000000613200000|  0%| F|  |TAMS 0x0000000613000000, 0x0000000613000000| Untracked 
| 142|0x0000000613200000, 0x0000000613200000, 0x0000000613400000|  0%| F|  |TAMS 0x0000000613200000, 0x0000000613200000| Untracked 
| 143|0x0000000613400000, 0x0000000613400000, 0x0000000613600000|  0%| F|  |TAMS 0x0000000613400000, 0x0000000613400000| Untracked 
| 144|0x0000000613600000, 0x0000000613600000, 0x0000000613800000|  0%| F|  |TAMS 0x0000000613600000, 0x0000000613600000| Untracked 
| 145|0x0000000613800000, 0x0000000613800000, 0x0000000613a00000|  0%| F|  |TAMS 0x0000000613800000, 0x0000000613800000| Untracked 
| 146|0x0000000613a00000, 0x0000000613a00000, 0x0000000613c00000|  0%| F|  |TAMS 0x0000000613a00000, 0x0000000613a00000| Untracked 
| 147|0x0000000613c00000, 0x0000000613c00000, 0x0000000613e00000|  0%| F|  |TAMS 0x0000000613c00000, 0x0000000613c00000| Untracked 
| 148|0x0000000613e00000, 0x0000000613e00000, 0x0000000614000000|  0%| F|  |TAMS 0x0000000613e00000, 0x0000000613e00000| Untracked 
| 149|0x0000000614000000, 0x0000000614000000, 0x0000000614200000|  0%| F|  |TAMS 0x0000000614000000, 0x0000000614000000| Untracked 
| 150|0x0000000614200000, 0x0000000614200000, 0x0000000614400000|  0%| F|  |TAMS 0x0000000614200000, 0x0000000614200000| Untracked 
| 151|0x0000000614400000, 0x0000000614400000, 0x0000000614600000|  0%| F|  |TAMS 0x0000000614400000, 0x0000000614400000| Untracked 
| 152|0x0000000614600000, 0x0000000614600000, 0x0000000614800000|  0%| F|  |TAMS 0x0000000614600000, 0x0000000614600000| Untracked 
| 153|0x0000000614800000, 0x0000000614800000, 0x0000000614a00000|  0%| F|  |TAMS 0x0000000614800000, 0x0000000614800000| Untracked 
| 154|0x0000000614a00000, 0x0000000614a00000, 0x0000000614c00000|  0%| F|  |TAMS 0x0000000614a00000, 0x0000000614a00000| Untracked 
| 155|0x0000000614c00000, 0x0000000614c00000, 0x0000000614e00000|  0%| F|  |TAMS 0x0000000614c00000, 0x0000000614c00000| Untracked 
| 156|0x0000000614e00000, 0x0000000614e00000, 0x0000000615000000|  0%| F|  |TAMS 0x0000000614e00000, 0x0000000614e00000| Untracked 
| 157|0x0000000615000000, 0x0000000615000000, 0x0000000615200000|  0%| F|  |TAMS 0x0000000615000000, 0x0000000615000000| Untracked 
| 158|0x0000000615200000, 0x0000000615200000, 0x0000000615400000|  0%| F|  |TAMS 0x0000000615200000, 0x0000000615200000| Untracked 
| 159|0x0000000615400000, 0x0000000615400000, 0x0000000615600000|  0%| F|  |TAMS 0x0000000615400000, 0x0000000615400000| Untracked 
| 160|0x0000000615600000, 0x0000000615600000, 0x0000000615800000|  0%| F|  |TAMS 0x0000000615600000, 0x0000000615600000| Untracked 
| 161|0x0000000615800000, 0x0000000615800000, 0x0000000615a00000|  0%| F|  |TAMS 0x0000000615800000, 0x0000000615800000| Untracked 
| 162|0x0000000615a00000, 0x0000000615a00000, 0x0000000615c00000|  0%| F|  |TAMS 0x0000000615a00000, 0x0000000615a00000| Untracked 
| 163|0x0000000615c00000, 0x0000000615c00000, 0x0000000615e00000|  0%| F|  |TAMS 0x0000000615c00000, 0x0000000615c00000| Untracked 
| 164|0x0000000615e00000, 0x0000000615e00000, 0x0000000616000000|  0%| F|  |TAMS 0x0000000615e00000, 0x0000000615e00000| Untracked 
| 165|0x0000000616000000, 0x0000000616000000, 0x0000000616200000|  0%| F|  |TAMS 0x0000000616000000, 0x0000000616000000| Untracked 
| 166|0x0000000616200000, 0x0000000616200000, 0x0000000616400000|  0%| F|  |TAMS 0x0000000616200000, 0x0000000616200000| Untracked 
| 167|0x0000000616400000, 0x0000000616400000, 0x0000000616600000|  0%| F|  |TAMS 0x0000000616400000, 0x0000000616400000| Untracked 
| 168|0x0000000616600000, 0x0000000616600000, 0x0000000616800000|  0%| F|  |TAMS 0x0000000616600000, 0x0000000616600000| Untracked 
| 169|0x0000000616800000, 0x0000000616800000, 0x0000000616a00000|  0%| F|  |TAMS 0x0000000616800000, 0x0000000616800000| Untracked 
| 170|0x0000000616a00000, 0x0000000616a00000, 0x0000000616c00000|  0%| F|  |TAMS 0x0000000616a00000, 0x0000000616a00000| Untracked 
| 171|0x0000000616c00000, 0x0000000616c00000, 0x0000000616e00000|  0%| F|  |TAMS 0x0000000616c00000, 0x0000000616c00000| Untracked 
| 172|0x0000000616e00000, 0x0000000616e00000, 0x0000000617000000|  0%| F|  |TAMS 0x0000000616e00000, 0x0000000616e00000| Untracked 
| 173|0x0000000617000000, 0x0000000617000000, 0x0000000617200000|  0%| F|  |TAMS 0x0000000617000000, 0x0000000617000000| Untracked 
| 174|0x0000000617200000, 0x0000000617200000, 0x0000000617400000|  0%| F|  |TAMS 0x0000000617200000, 0x0000000617200000| Untracked 
| 175|0x0000000617400000, 0x0000000617400000, 0x0000000617600000|  0%| F|  |TAMS 0x0000000617400000, 0x0000000617400000| Untracked 
| 176|0x0000000617600000, 0x0000000617600000, 0x0000000617800000|  0%| F|  |TAMS 0x0000000617600000, 0x0000000617600000| Untracked 
| 177|0x0000000617800000, 0x0000000617800000, 0x0000000617a00000|  0%| F|  |TAMS 0x0000000617800000, 0x0000000617800000| Untracked 
| 178|0x0000000617a00000, 0x0000000617a00000, 0x0000000617c00000|  0%| F|  |TAMS 0x0000000617a00000, 0x0000000617a00000| Untracked 
| 179|0x0000000617c00000, 0x0000000617c00000, 0x0000000617e00000|  0%| F|  |TAMS 0x0000000617c00000, 0x0000000617c00000| Untracked 
| 180|0x0000000617e00000, 0x0000000617e00000, 0x0000000618000000|  0%| F|  |TAMS 0x0000000617e00000, 0x0000000617e00000| Untracked 
| 181|0x0000000618000000, 0x0000000618000000, 0x0000000618200000|  0%| F|  |TAMS 0x0000000618000000, 0x0000000618000000| Untracked 
| 182|0x0000000618200000, 0x0000000618200000, 0x0000000618400000|  0%| F|  |TAMS 0x0000000618200000, 0x0000000618200000| Untracked 
| 183|0x0000000618400000, 0x0000000618400000, 0x0000000618600000|  0%| F|  |TAMS 0x0000000618400000, 0x0000000618400000| Untracked 
| 184|0x0000000618600000, 0x0000000618600000, 0x0000000618800000|  0%| F|  |TAMS 0x0000000618600000, 0x0000000618600000| Untracked 
| 185|0x0000000618800000, 0x0000000618800000, 0x0000000618a00000|  0%| F|  |TAMS 0x0000000618800000, 0x0000000618800000| Untracked 
| 186|0x0000000618a00000, 0x0000000618a00000, 0x0000000618c00000|  0%| F|  |TAMS 0x0000000618a00000, 0x0000000618a00000| Untracked 
| 187|0x0000000618c00000, 0x0000000618c00000, 0x0000000618e00000|  0%| F|  |TAMS 0x0000000618c00000, 0x0000000618c00000| Untracked 
| 188|0x0000000618e00000, 0x0000000618e00000, 0x0000000619000000|  0%| F|  |TAMS 0x0000000618e00000, 0x0000000618e00000| Untracked 
| 189|0x0000000619000000, 0x0000000619000000, 0x0000000619200000|  0%| F|  |TAMS 0x0000000619000000, 0x0000000619000000| Untracked 
| 190|0x0000000619200000, 0x0000000619200000, 0x0000000619400000|  0%| F|  |TAMS 0x0000000619200000, 0x0000000619200000| Untracked 
| 191|0x0000000619400000, 0x0000000619400000, 0x0000000619600000|  0%| F|  |TAMS 0x0000000619400000, 0x0000000619400000| Untracked 
| 192|0x0000000619600000, 0x0000000619600000, 0x0000000619800000|  0%| F|  |TAMS 0x0000000619600000, 0x0000000619600000| Untracked 
| 193|0x0000000619800000, 0x0000000619800000, 0x0000000619a00000|  0%| F|  |TAMS 0x0000000619800000, 0x0000000619800000| Untracked 
| 194|0x0000000619a00000, 0x0000000619a00000, 0x0000000619c00000|  0%| F|  |TAMS 0x0000000619a00000, 0x0000000619a00000| Untracked 
| 195|0x0000000619c00000, 0x0000000619c00000, 0x0000000619e00000|  0%| F|  |TAMS 0x0000000619c00000, 0x0000000619c00000| Untracked 
| 196|0x0000000619e00000, 0x0000000619e00000, 0x000000061a000000|  0%| F|  |TAMS 0x0000000619e00000, 0x0000000619e00000| Untracked 
| 197|0x000000061a000000, 0x000000061a000000, 0x000000061a200000|  0%| F|  |TAMS 0x000000061a000000, 0x000000061a000000| Untracked 
| 198|0x000000061a200000, 0x000000061a200000, 0x000000061a400000|  0%| F|  |TAMS 0x000000061a200000, 0x000000061a200000| Untracked 
| 199|0x000000061a400000, 0x000000061a400000, 0x000000061a600000|  0%| F|  |TAMS 0x000000061a400000, 0x000000061a400000| Untracked 
| 200|0x000000061a600000, 0x000000061a600000, 0x000000061a800000|  0%| F|  |TAMS 0x000000061a600000, 0x000000061a600000| Untracked 
| 201|0x000000061a800000, 0x000000061a800000, 0x000000061aa00000|  0%| F|  |TAMS 0x000000061a800000, 0x000000061a800000| Untracked 
| 202|0x000000061aa00000, 0x000000061aa00000, 0x000000061ac00000|  0%| F|  |TAMS 0x000000061aa00000, 0x000000061aa00000| Untracked 
| 203|0x000000061ac00000, 0x000000061ac00000, 0x000000061ae00000|  0%| F|  |TAMS 0x000000061ac00000, 0x000000061ac00000| Untracked 
| 204|0x000000061ae00000, 0x000000061ae00000, 0x000000061b000000|  0%| F|  |TAMS 0x000000061ae00000, 0x000000061ae00000| Untracked 
| 205|0x000000061b000000, 0x000000061b000000, 0x000000061b200000|  0%| F|  |TAMS 0x000000061b000000, 0x000000061b000000| Untracked 
| 206|0x000000061b200000, 0x000000061b200000, 0x000000061b400000|  0%| F|  |TAMS 0x000000061b200000, 0x000000061b200000| Untracked 
| 207|0x000000061b400000, 0x000000061b400000, 0x000000061b600000|  0%| F|  |TAMS 0x000000061b400000, 0x000000061b400000| Untracked 
| 208|0x000000061b600000, 0x000000061b600000, 0x000000061b800000|  0%| F|  |TAMS 0x000000061b600000, 0x000000061b600000| Untracked 
| 209|0x000000061b800000, 0x000000061b800000, 0x000000061ba00000|  0%| F|  |TAMS 0x000000061b800000, 0x000000061b800000| Untracked 
| 210|0x000000061ba00000, 0x000000061ba00000, 0x000000061bc00000|  0%| F|  |TAMS 0x000000061ba00000, 0x000000061ba00000| Untracked 
| 211|0x000000061bc00000, 0x000000061bc00000, 0x000000061be00000|  0%| F|  |TAMS 0x000000061bc00000, 0x000000061bc00000| Untracked 
| 212|0x000000061be00000, 0x000000061be00000, 0x000000061c000000|  0%| F|  |TAMS 0x000000061be00000, 0x000000061be00000| Untracked 
| 213|0x000000061c000000, 0x000000061c000000, 0x000000061c200000|  0%| F|  |TAMS 0x000000061c000000, 0x000000061c000000| Untracked 
| 214|0x000000061c200000, 0x000000061c200000, 0x000000061c400000|  0%| F|  |TAMS 0x000000061c200000, 0x000000061c200000| Untracked 
| 215|0x000000061c400000, 0x000000061c400000, 0x000000061c600000|  0%| F|  |TAMS 0x000000061c400000, 0x000000061c400000| Untracked 
| 216|0x000000061c600000, 0x000000061c600000, 0x000000061c800000|  0%| F|  |TAMS 0x000000061c600000, 0x000000061c600000| Untracked 
| 217|0x000000061c800000, 0x000000061c800000, 0x000000061ca00000|  0%| F|  |TAMS 0x000000061c800000, 0x000000061c800000| Untracked 
| 218|0x000000061ca00000, 0x000000061ca00000, 0x000000061cc00000|  0%| F|  |TAMS 0x000000061ca00000, 0x000000061ca00000| Untracked 
| 219|0x000000061cc00000, 0x000000061cc00000, 0x000000061ce00000|  0%| F|  |TAMS 0x000000061cc00000, 0x000000061cc00000| Untracked 
| 220|0x000000061ce00000, 0x000000061ce00000, 0x000000061d000000|  0%| F|  |TAMS 0x000000061ce00000, 0x000000061ce00000| Untracked 
| 221|0x000000061d000000, 0x000000061d000000, 0x000000061d200000|  0%| F|  |TAMS 0x000000061d000000, 0x000000061d000000| Untracked 
| 222|0x000000061d200000, 0x000000061d200000, 0x000000061d400000|  0%| F|  |TAMS 0x000000061d200000, 0x000000061d200000| Untracked 
| 223|0x000000061d400000, 0x000000061d400000, 0x000000061d600000|  0%| F|  |TAMS 0x000000061d400000, 0x000000061d400000| Untracked 
| 224|0x000000061d600000, 0x000000061d600000, 0x000000061d800000|  0%| F|  |TAMS 0x000000061d600000, 0x000000061d600000| Untracked 
| 225|0x000000061d800000, 0x000000061d800000, 0x000000061da00000|  0%| F|  |TAMS 0x000000061d800000, 0x000000061d800000| Untracked 
| 226|0x000000061da00000, 0x000000061da00000, 0x000000061dc00000|  0%| F|  |TAMS 0x000000061da00000, 0x000000061da00000| Untracked 
| 227|0x000000061dc00000, 0x000000061dc00000, 0x000000061de00000|  0%| F|  |TAMS 0x000000061dc00000, 0x000000061dc00000| Untracked 
| 228|0x000000061de00000, 0x000000061de00000, 0x000000061e000000|  0%| F|  |TAMS 0x000000061de00000, 0x000000061de00000| Untracked 
| 229|0x000000061e000000, 0x000000061e000000, 0x000000061e200000|  0%| F|  |TAMS 0x000000061e000000, 0x000000061e000000| Untracked 
| 230|0x000000061e200000, 0x000000061e200000, 0x000000061e400000|  0%| F|  |TAMS 0x000000061e200000, 0x000000061e200000| Untracked 
| 231|0x000000061e400000, 0x000000061e400000, 0x000000061e600000|  0%| F|  |TAMS 0x000000061e400000, 0x000000061e400000| Untracked 
| 232|0x000000061e600000, 0x000000061e600000, 0x000000061e800000|  0%| F|  |TAMS 0x000000061e600000, 0x000000061e600000| Untracked 
| 233|0x000000061e800000, 0x000000061e800000, 0x000000061ea00000|  0%| F|  |TAMS 0x000000061e800000, 0x000000061e800000| Untracked 
| 234|0x000000061ea00000, 0x000000061ea00000, 0x000000061ec00000|  0%| F|  |TAMS 0x000000061ea00000, 0x000000061ea00000| Untracked 
| 235|0x000000061ec00000, 0x000000061ec00000, 0x000000061ee00000|  0%| F|  |TAMS 0x000000061ec00000, 0x000000061ec00000| Untracked 
| 236|0x000000061ee00000, 0x000000061ee00000, 0x000000061f000000|  0%| F|  |TAMS 0x000000061ee00000, 0x000000061ee00000| Untracked 
| 237|0x000000061f000000, 0x000000061f000000, 0x000000061f200000|  0%| F|  |TAMS 0x000000061f000000, 0x000000061f000000| Untracked 
| 238|0x000000061f200000, 0x000000061f200000, 0x000000061f400000|  0%| F|  |TAMS 0x000000061f200000, 0x000000061f200000| Untracked 
| 239|0x000000061f400000, 0x000000061f400000, 0x000000061f600000|  0%| F|  |TAMS 0x000000061f400000, 0x000000061f400000| Untracked 
| 240|0x000000061f600000, 0x000000061f600000, 0x000000061f800000|  0%| F|  |TAMS 0x000000061f600000, 0x000000061f600000| Untracked 
| 241|0x000000061f800000, 0x000000061f800000, 0x000000061fa00000|  0%| F|  |TAMS 0x000000061f800000, 0x000000061f800000| Untracked 
| 242|0x000000061fa00000, 0x000000061faafe88, 0x000000061fc00000| 34%| S|CS|TAMS 0x000000061fa00000, 0x000000061fa00000| Complete 
| 243|0x000000061fc00000, 0x000000061fe00000, 0x000000061fe00000|100%| S|CS|TAMS 0x000000061fc00000, 0x000000061fc00000| Complete 
| 244|0x000000061fe00000, 0x000000061fe00000, 0x0000000620000000|  0%| F|  |TAMS 0x000000061fe00000, 0x000000061fe00000| Untracked 
| 245|0x0000000620000000, 0x0000000620000000, 0x0000000620200000|  0%| F|  |TAMS 0x0000000620000000, 0x0000000620000000| Untracked 
| 246|0x0000000620200000, 0x0000000620200000, 0x0000000620400000|  0%| F|  |TAMS 0x0000000620200000, 0x0000000620200000| Untracked 
| 247|0x0000000620400000, 0x0000000620400000, 0x0000000620600000|  0%| F|  |TAMS 0x0000000620400000, 0x0000000620400000| Untracked 
| 248|0x0000000620600000, 0x0000000620600000, 0x0000000620800000|  0%| F|  |TAMS 0x0000000620600000, 0x0000000620600000| Untracked 
| 249|0x0000000620800000, 0x0000000620800000, 0x0000000620a00000|  0%| F|  |TAMS 0x0000000620800000, 0x0000000620800000| Untracked 
| 250|0x0000000620a00000, 0x0000000620a00000, 0x0000000620c00000|  0%| F|  |TAMS 0x0000000620a00000, 0x0000000620a00000| Untracked 
| 251|0x0000000620c00000, 0x0000000620c00000, 0x0000000620e00000|  0%| F|  |TAMS 0x0000000620c00000, 0x0000000620c00000| Untracked 
| 252|0x0000000620e00000, 0x0000000620e00000, 0x0000000621000000|  0%| F|  |TAMS 0x0000000620e00000, 0x0000000620e00000| Untracked 
| 253|0x0000000621000000, 0x0000000621100800, 0x0000000621200000| 50%| E|  |TAMS 0x0000000621000000, 0x0000000621000000| Complete 
| 254|0x0000000621200000, 0x0000000621400000, 0x0000000621400000|100%| E|CS|TAMS 0x0000000621200000, 0x0000000621200000| Complete 
| 255|0x0000000621400000, 0x0000000621600000, 0x0000000621600000|100%| E|CS|TAMS 0x0000000621400000, 0x0000000621400000| Complete 

Card table byte_map: [0x000001a1a09d0000,0x000001a1a19d0000] _byte_map_base: 0x000001a19d9c5000

Marking Bits (Prev, Next): (CMBitMap*) 0x000001a187ab8ed8, (CMBitMap*) 0x000001a187ab8f10
 Prev Bits: [0x000001a1a29d0000, 0x000001a1aa978000)
 Next Bits: [0x000001a1aa980000, 0x000001a1b2928000)

Polling page: 0x000001a1859e0000

Metaspace:

Usage:
  Non-class:     15.23 MB capacity,    15.02 MB ( 99%) used,   169.38 KB (  1%) free+waste,    44.50 KB ( <1%) overhead. 
      Class:      1.84 MB capacity,     1.65 MB ( 90%) used,   166.61 KB (  9%) free+waste,    23.63 KB (  1%) overhead. 
       Both:     17.07 MB capacity,    16.67 MB ( 98%) used,   335.98 KB (  2%) free+waste,    68.13 KB ( <1%) overhead. 

Virtual space:
  Non-class space:       16.00 MB reserved,      15.25 MB ( 95%) committed 
      Class space:        1.00 GB reserved,       1.88 MB ( <1%) committed 
             Both:        1.02 GB reserved,      17.13 MB (  2%) committed 

Chunk freelists:
   Non-Class:  24.00 KB
       Class:  4.00 KB
        Both:  28.00 KB

MaxMetaspaceSize: 17179869184.00 GB
CompressedClassSpaceSize: 1.00 GB

CodeHeap 'non-profiled nmethods': size=119168Kb used=360Kb max_used=360Kb free=118807Kb
 bounds [0x000001a197ce0000, 0x000001a197f50000, 0x000001a19f140000]
CodeHeap 'profiled nmethods': size=119168Kb used=2238Kb max_used=2238Kb free=116929Kb
 bounds [0x000001a190880000, 0x000001a190af0000, 0x000001a197ce0000]
CodeHeap 'non-nmethods': size=7424Kb used=2930Kb max_used=2942Kb free=4493Kb
 bounds [0x000001a190140000, 0x000001a190420000, 0x000001a190880000]
 total_blobs=1795 nmethods=1173 adapters=531
 compilation: enabled
              stopped_count=0, restarted_count=0
 full_count=0

Compilation events (20 events):
Event: 0.504 Thread 0x000001a1b7b83800 1163       3       sun.invoke.util.VerifyAccess::isMemberAccessible (313 bytes)
Event: 0.504 Thread 0x000001a1b7b61800 nmethod 1162 0x000001a190aa5390 code [0x000001a190aa5540, 0x000001a190aa5688]
Event: 0.504 Thread 0x000001a1b6494000 1164       3       kotlin.jvm.internal.Intrinsics::checkNotNullParameter (9 bytes)
Event: 0.504 Thread 0x000001a1b6494000 nmethod 1164 0x000001a190aa5710 code [0x000001a190aa5920, 0x000001a190aa5e38]
Event: 0.505 Thread 0x000001a1b660c800 nmethod 1161 0x000001a190aa6010 code [0x000001a190aa63c0, 0x000001a190aa85f8]
Event: 0.505 Thread 0x000001a1b7b83800 nmethod 1163 0x000001a190aa9490 code [0x000001a190aa9960, 0x000001a190aabb68]
Event: 0.505 Thread 0x000001a1b6619800 nmethod 1159 0x000001a197d38d10 code [0x000001a197d38ec0, 0x000001a197d390a8]
Event: 0.506 Thread 0x000001a1b646d000 1165       4       java.util.zip.ZipFile::ensureOpen (38 bytes)
Event: 0.506 Thread 0x000001a1b646d000 nmethod 1165 0x000001a197d39290 code [0x000001a197d39420, 0x000001a197d394b8]
Event: 0.510 Thread 0x000001a1b7b61800 1166       3       java.awt.Component::getTreeLock (4 bytes)
Event: 0.510 Thread 0x000001a1b7b61800 nmethod 1166 0x000001a190aac590 code [0x000001a190aac740, 0x000001a190aac858]
Event: 0.510 Thread 0x000001a1b6494000 1167       3       java.lang.invoke.MethodType::makeImpl (108 bytes)
Event: 0.511 Thread 0x000001a1b6494000 nmethod 1167 0x000001a190aac910 code [0x000001a190aacbe0, 0x000001a190aada58]
Event: 0.511 Thread 0x000001a1b660c800 1169       3       java.awt.Component::getContainer (5 bytes)
Event: 0.511 Thread 0x000001a1b7b83800 1170       3       java.awt.Component::checkTreeLock (21 bytes)
Event: 0.511 Thread 0x000001a1b660c800 nmethod 1169 0x000001a190aadf10 code [0x000001a190aae0c0, 0x000001a190aae1d8]
Event: 0.511 Thread 0x000001a1b7b83800 nmethod 1170 0x000001a190aae290 code [0x000001a190aae460, 0x000001a190aae6f8]
Event: 0.522 Thread 0x000001a1b7b61800 1172       3       java.util.ArrayList::<init> (61 bytes)
Event: 0.522 Thread 0x000001a1b7b61800 nmethod 1172 0x000001a190aae810 code [0x000001a190aaeaa0, 0x000001a190aaf658]
Event: 0.529 Thread 0x000001a1b6619800 1173       4       java.lang.String::startsWith (138 bytes)

GC Heap History (2 events):
Event: 0.501 GC heap before
{Heap before GC invocations=0 (full 0):
 garbage-first heap   total 524288K, used 22528K [0x0000000601600000, 0x0000000800000000)
  region size 2048K, 12 young (24576K), 0 survivors (0K)
 Metaspace       used 16547K, capacity 16958K, committed 17280K, reserved 1064960K
  class space    used 1631K, capacity 1818K, committed 1920K, reserved 1048576K
}
Event: 0.503 GC heap after
{Heap after GC invocations=1 (full 0):
 garbage-first heap   total 524288K, used 2751K [0x0000000601600000, 0x0000000800000000)
  region size 2048K, 2 young (4096K), 2 survivors (4096K)
 Metaspace       used 16547K, capacity 16958K, committed 17280K, reserved 1064960K
  class space    used 1631K, capacity 1818K, committed 1920K, reserved 1048576K
}

Deoptimization events (20 events):
Event: 0.159 Thread 0x000001a187a2d000 DEOPT PACKING pc=0x000001a1908c7c50 sp=0x00000014638fb300
Event: 0.159 Thread 0x000001a187a2d000 DEOPT UNPACKING pc=0x000001a19016705e sp=0x00000014638fa788 mode 0
Event: 0.173 Thread 0x000001a187a2d000 DEOPT PACKING pc=0x000001a19094067f sp=0x00000014638fd030
Event: 0.173 Thread 0x000001a187a2d000 DEOPT UNPACKING pc=0x000001a19016705e sp=0x00000014638fc480 mode 0
Event: 0.263 Thread 0x000001a187a2d000 Uncommon trap: trap_request=0xffffff4d fr.pc=0x000001a197d0a00c relative=0x00000000000001cc
Event: 0.263 Thread 0x000001a187a2d000 Uncommon trap: reason=unstable_if action=reinterpret pc=0x000001a197d0a00c method=java.lang.String.startsWith(Ljava/lang/String;I)Z @ 1 c2
Event: 0.263 Thread 0x000001a187a2d000 DEOPT PACKING pc=0x000001a197d0a00c sp=0x00000014638fe9b0
Event: 0.263 Thread 0x000001a187a2d000 DEOPT UNPACKING pc=0x000001a1901668af sp=0x00000014638fe920 mode 2
Event: 0.278 Thread 0x000001a187a2d000 DEOPT PACKING pc=0x000001a19093145b sp=0x00000014638fddc0
Event: 0.278 Thread 0x000001a187a2d000 DEOPT UNPACKING pc=0x000001a19016705e sp=0x00000014638fd238 mode 0
Event: 0.369 Thread 0x000001a1b6d8b000 Uncommon trap: trap_request=0xffffff4d fr.pc=0x000001a197ced8e0 relative=0x0000000000000d60
Event: 0.369 Thread 0x000001a1b6d8b000 Uncommon trap: reason=unstable_if action=reinterpret pc=0x000001a197ced8e0 method=java.util.HashMap.putVal(ILjava/lang/Object;Ljava/lang/Object;ZZ)Ljava/lang/Object; @ 181 c2
Event: 0.369 Thread 0x000001a1b6d8b000 DEOPT PACKING pc=0x000001a197ced8e0 sp=0x00000014654fdef0
Event: 0.369 Thread 0x000001a1b6d8b000 DEOPT UNPACKING pc=0x000001a1901668af sp=0x00000014654fde90 mode 2
Event: 0.401 Thread 0x000001a1b7361800 DEOPT PACKING pc=0x000001a1908d0a1b sp=0x00000014655fb6e0
Event: 0.401 Thread 0x000001a1b7361800 DEOPT UNPACKING pc=0x000001a19016705e sp=0x00000014655fab50 mode 0
Event: 0.503 Thread 0x000001a1b6c57800 Uncommon trap: trap_request=0xffffff4d fr.pc=0x000001a197d371a0 relative=0x0000000000001720
Event: 0.504 Thread 0x000001a1b6c57800 Uncommon trap: reason=unstable_if action=reinterpret pc=0x000001a197d371a0 method=java.lang.ref.ReferenceQueue.poll()Ljava/lang/ref/Reference; @ 4 c2
Event: 0.504 Thread 0x000001a1b6c57800 DEOPT PACKING pc=0x000001a197d371a0 sp=0x00000014650fde40
Event: 0.504 Thread 0x000001a1b6c57800 DEOPT UNPACKING pc=0x000001a1901668af sp=0x00000014650fdcd8 mode 2

Classes redefined (0 events):
No events

Internal exceptions (20 events):
Event: 0.124 Thread 0x000001a187a2d000 Exception <a 'java/lang/NoSuchMethodError'{0x0000000621097140}: 'java.lang.Object java.lang.invoke.DirectMethodHandle$Holder.invokeStatic(java.lang.Object, java.lang.Object, java.lang.Object, java.lang.Object, java.lang.Object, java.lang.Object, java.lang.Object, java.lang.Object, java.lang.Object, java.lang.Object, java.lang.Object, java.lang.Object, java.lang.Object, java.lang.Object, java.lang.Object)'> (0x0000000621097140) thrown at [./src/hotspot/share/interpreter/linkResolver.cpp, line 773]
Event: 0.125 Thread 0x000001a187a2d000 Exception <a 'java/lang/NoSuchMethodError'{0x00000006210a4eb0}: 'java.lang.Object java.lang.invoke.DirectMethodHandle$Holder.invokeStatic(java.lang.Object, java.lang.Object, java.lang.Object, java.lang.Object, java.lang.Object, java.lang.Object, java.lang.Object, java.lang.Object, java.lang.Object, java.lang.Object, java.lang.Object, java.lang.Object, java.lang.Object, java.lang.Object, java.lang.Object, java.lang.Object)'> (0x00000006210a4eb0) thrown at [./src/hotspot/share/interpreter/linkResolver.cpp, l
Event: 0.125 Thread 0x000001a187a2d000 Exception <a 'java/lang/NoSuchMethodError'{0x00000006210b2b20}: 'java.lang.Object java.lang.invoke.DirectMethodHandle$Holder.invokeSpecial(java.lang.Object, java.lang.Object, int, int, java.lang.Object, java.lang.Object, java.lang.Object)'> (0x00000006210b2b20) thrown at [./src/hotspot/share/interpreter/linkResolver.cpp, line 773]
Event: 0.125 Thread 0x000001a187a2d000 Exception <a 'java/lang/NoSuchMethodError'{0x00000006210b60b0}: 'java.lang.Object java.lang.invoke.DelegatingMethodHandle$Holder.reinvoke_L(java.lang.Object, int, int, java.lang.Object, java.lang.Object, java.lang.Object)'> (0x00000006210b60b0) thrown at [./src/hotspot/share/interpreter/linkResolver.cpp, line 773]
Event: 0.126 Thread 0x000001a187a2d000 Exception <a 'java/lang/NoSuchMethodError'{0x00000006210ba190}: 'java.lang.Object java.lang.invoke.DirectMethodHandle$Holder.invokeStatic(java.lang.Object, java.lang.Object, java.lang.Object, java.lang.Object, int)'> (0x00000006210ba190) thrown at [./src/hotspot/share/interpreter/linkResolver.cpp, line 773]
Event: 0.130 Thread 0x000001a187a2d000 Exception <a 'java/io/FileNotFoundException'{0x000000062111cce0}> (0x000000062111cce0) thrown at [./src/hotspot/share/prims/jni.cpp, line 615]
Event: 0.234 Thread 0x000001a1b6d8b000 Exception <a 'java/lang/NoSuchMethodError'{0x0000000620680680}: 'void java.lang.invoke.DirectMethodHandle$Holder.invokeSpecial(java.lang.Object, java.lang.Object)'> (0x0000000620680680) thrown at [./src/hotspot/share/interpreter/linkResolver.cpp, line 773]
Event: 0.235 Thread 0x000001a187a2d000 Exception <a 'java/lang/NoSuchMethodError'{0x000000062063ced0}: 'java.lang.Object java.lang.invoke.DirectMethodHandle$Holder.invokeStatic(java.lang.Object, java.lang.Object, java.lang.Object, java.lang.Object, java.lang.Object, java.lang.Object, java.lang.Object, java.lang.Object, int)'> (0x000000062063ced0) thrown at [./src/hotspot/share/interpreter/linkResolver.cpp, line 773]
Event: 0.236 Thread 0x000001a187a2d000 Exception <a 'java/lang/NoSuchMethodError'{0x0000000620656e30}: 'java.lang.Object java.lang.invoke.DirectMethodHandle$Holder.invokeStatic(java.lang.Object, java.lang.Object, java.lang.Object, java.lang.Object, java.lang.Object, java.lang.Object, java.lang.Object, java.lang.Object, int, int)'> (0x0000000620656e30) thrown at [./src/hotspot/share/interpreter/linkResolver.cpp, line 773]
Event: 0.249 Thread 0x000001a187a2d000 Exception <a 'java/lang/NoSuchMethodError'{0x000000062079fc68}: 'java.lang.Object java.lang.invoke.DirectMethodHandle$Holder.invokeStatic(java.lang.Object, int, java.lang.Object, java.lang.Object, java.lang.Object, java.lang.Object)'> (0x000000062079fc68) thrown at [./src/hotspot/share/interpreter/linkResolver.cpp, line 773]
Event: 0.249 Thread 0x000001a187a2d000 Exception <a 'java/lang/NoSuchMethodError'{0x00000006207a6d28}: 'java.lang.Object java.lang.invoke.DirectMethodHandle$Holder.invokeStatic(java.lang.Object, int, java.lang.Object, java.lang.Object, java.lang.Object)'> (0x00000006207a6d28) thrown at [./src/hotspot/share/interpreter/linkResolver.cpp, line 773]
Event: 0.249 Thread 0x000001a187a2d000 Exception <a 'java/lang/NoSuchMethodError'{0x00000006207aa870}: 'java.lang.Object java.lang.invoke.DirectMethodHandle$Holder.invokeSpecial(java.lang.Object, java.lang.Object, int, java.lang.Object, java.lang.Object, java.lang.Object)'> (0x00000006207aa870) thrown at [./src/hotspot/share/interpreter/linkResolver.cpp, line 773]
Event: 0.250 Thread 0x000001a187a2d000 Exception <a 'java/lang/NoSuchMethodError'{0x00000006207c2150}: 'java.lang.Object java.lang.invoke.DirectMethodHandle$Holder.invokeStatic(java.lang.Object, int, java.lang.Object)'> (0x00000006207c2150) thrown at [./src/hotspot/share/interpreter/linkResolver.cpp, line 773]
Event: 0.262 Thread 0x000001a187a2d000 Exception <a 'java/lang/ClassNotFoundException'{0x0000000620473230}: com/sun/swing/internal/plaf/metal/resources/spi/metalProvider> (0x0000000620473230) thrown at [./src/hotspot/share/classfile/systemDictionary.cpp, line 231]
Event: 0.262 Thread 0x000001a187a2d000 Exception <a 'java/lang/ClassNotFoundException'{0x0000000620477388}: com/sun/swing/internal/plaf/basic/resources/spi/basicProvider> (0x0000000620477388) thrown at [./src/hotspot/share/classfile/systemDictionary.cpp, line 231]
Event: 0.378 Thread 0x000001a1b7361800 Exception <a 'java/lang/NoSuchMethodError'{0x00000006200e1ae0}: 'void java.lang.invoke.DirectMethodHandle$Holder.invokeStaticInit(java.lang.Object)'> (0x00000006200e1ae0) thrown at [./src/hotspot/share/interpreter/linkResolver.cpp, line 773]
Event: 0.395 Thread 0x000001a1b7361800 Exception <a 'java/lang/NoSuchMethodError'{0x000000061fe26b50}: 'java.lang.Object java.lang.invoke.DirectMethodHandle$Holder.invokeStatic(java.lang.Object, java.lang.Object, java.lang.Object, java.lang.Object, java.lang.Object, java.lang.Object, java.lang.Object, java.lang.Object, java.lang.Object, java.lang.Object, java.lang.Object, int)'> (0x000000061fe26b50) thrown at [./src/hotspot/share/interpreter/linkResolver.cpp, line 773]
Event: 0.396 Thread 0x000001a1b7361800 Exception <a 'java/lang/NoSuchMethodError'{0x000000061fe44d58}: 'java.lang.Object java.lang.invoke.DirectMethodHandle$Holder.invokeStatic(java.lang.Object, java.lang.Object, java.lang.Object, java.lang.Object, java.lang.Object, java.lang.Object, java.lang.Object, java.lang.Object, java.lang.Object, java.lang.Object, java.lang.Object, int, int)'> (0x000000061fe44d58) thrown at [./src/hotspot/share/interpreter/linkResolver.cpp, line 773]
Event: 0.397 Thread 0x000001a1b7361800 Exception <a 'java/lang/NoSuchMethodError'{0x000000061fe63cf0}: 'java.lang.Object java.lang.invoke.DirectMethodHandle$Holder.invokeStatic(java.lang.Object, java.lang.Object, java.lang.Object, java.lang.Object, java.lang.Object, java.lang.Object, java.lang.Object, java.lang.Object, java.lang.Object, java.lang.Object, java.lang.Object, int, int, java.lang.Object)'> (0x000000061fe63cf0) thrown at [./src/hotspot/share/interpreter/linkResolver.cpp, line 773]
Event: 0.397 Thread 0x000001a1b7361800 Exception <a 'java/lang/NoSuchMethodError'{0x000000061fe6fba0}: 'java.lang.Object java.lang.invoke.Invokers$Holder.linkToTargetMethod(java.lang.Object, int, java.lang.Object)'> (0x000000061fe6fba0) thrown at [./src/hotspot/share/interpreter/linkResolver.cpp, line 773]

Events (20 events):
Event: 0.525 Executing VM operation: RevokeBias
Event: 0.525 Executing VM operation: RevokeBias done
Event: 0.527 loading class org/jetbrains/skia/Canvas$_FinalizerHolder
Event: 0.527 loading class org/jetbrains/skia/Canvas$_FinalizerHolder done
Event: 0.527 loading class org/jetbrains/skia/CanvasKt
Event: 0.527 loading class org/jetbrains/skia/CanvasKt done
Event: 0.528 loading class org/jetbrains/skia/Matrix33
Event: 0.528 loading class org/jetbrains/skia/Matrix33 done
Event: 0.528 loading class org/jetbrains/skia/Matrix33$Companion
Event: 0.528 loading class org/jetbrains/skia/Matrix33$Companion done
Event: 0.528 loading class org/jetbrains/skia/impl/theScope
Event: 0.528 loading class org/jetbrains/skia/impl/theScope done
Event: 0.529 loading class org/jetbrains/skia/impl/InteropScope
Event: 0.529 loading class org/jetbrains/skia/impl/InteropScope done
Event: 0.529 loading class org/jetbrains/skia/paragraph/ParagraphBuilder
Event: 0.529 loading class org/jetbrains/skia/paragraph/ParagraphBuilder done
Event: 0.529 loading class org/jetbrains/skia/paragraph/ParagraphBuilder$Companion
Event: 0.529 loading class org/jetbrains/skia/paragraph/ParagraphBuilder$Companion done
Event: 0.529 loading class org/jetbrains/skia/paragraph/ParagraphBuilderKt
Event: 0.529 loading class org/jetbrains/skia/paragraph/ParagraphBuilderKt done


Dynamic libraries:
0x00007ff782c40000 - 0x00007ff782c4d000 	C:\Program Files\AdoptOpenJDK\jdk-11.0.11.9-hotspot\bin\java.exe
0x00007ffb50950000 - 0x00007ffb50b48000 	C:\Windows\SYSTEM32\ntdll.dll
0x00007ffb4f330000 - 0x00007ffb4f3ef000 	C:\Windows\System32\KERNEL32.DLL
0x00007ffb4e680000 - 0x00007ffb4e952000 	C:\Windows\System32\KERNELBASE.dll
0x00007ffb4e090000 - 0x00007ffb4e190000 	C:\Windows\System32\ucrtbase.dll
0x00007ffb23b30000 - 0x00007ffb23b47000 	C:\Program Files\AdoptOpenJDK\jdk-11.0.11.9-hotspot\bin\jli.dll
0x00007ffb23b50000 - 0x00007ffb23b65000 	C:\Program Files\AdoptOpenJDK\jdk-11.0.11.9-hotspot\bin\VCRUNTIME140.dll
0x00007ffb4f6f0000 - 0x00007ffb4f891000 	C:\Windows\System32\USER32.dll
0x00007ffb4e190000 - 0x00007ffb4e1b2000 	C:\Windows\System32\win32u.dll
0x00007ffb4f3f0000 - 0x00007ffb4f41b000 	C:\Windows\System32\GDI32.dll
0x00007ffb37fd0000 - 0x00007ffb3826a000 	C:\Windows\WinSxS\amd64_microsoft.windows.common-controls_6595b64144ccf1df_6.0.19041.1110_none_60b5254171f9507e\COMCTL32.dll
0x00007ffb4e420000 - 0x00007ffb4e52f000 	C:\Windows\System32\gdi32full.dll
0x00007ffb4efd0000 - 0x00007ffb4f06e000 	C:\Windows\System32\msvcrt.dll
0x00007ffb4e530000 - 0x00007ffb4e5cd000 	C:\Windows\System32\msvcp_win.dll
0x00007ffb4f550000 - 0x00007ffb4f582000 	C:\Windows\System32\IMM32.DLL
0x00007ffb1ed10000 - 0x00007ffb1edab000 	C:\Program Files\AdoptOpenJDK\jdk-11.0.11.9-hotspot\bin\msvcp140.dll
0x00007ffac1bb0000 - 0x00007ffac26fb000 	C:\Program Files\AdoptOpenJDK\jdk-11.0.11.9-hotspot\bin\server\jvm.dll
0x00007ffb4f590000 - 0x00007ffb4f63e000 	C:\Windows\System32\ADVAPI32.dll
0x00007ffb4f8a0000 - 0x00007ffb4f93c000 	C:\Windows\System32\sechost.dll
0x00007ffb4f200000 - 0x00007ffb4f325000 	C:\Windows\System32\RPCRT4.dll
0x00007ffb4f6e0000 - 0x00007ffb4f6e8000 	C:\Windows\System32\PSAPI.DLL
0x00007ffb449e0000 - 0x00007ffb44a07000 	C:\Windows\SYSTEM32\WINMM.dll
0x00007ffb475d0000 - 0x00007ffb475da000 	C:\Windows\SYSTEM32\VERSION.dll
0x00007ffb0f270000 - 0x00007ffb0f279000 	C:\Windows\SYSTEM32\WSOCK32.dll
0x00007ffb4ef50000 - 0x00007ffb4efbb000 	C:\Windows\System32\WS2_32.dll
0x00007ffb4bee0000 - 0x00007ffb4bef2000 	C:\Windows\SYSTEM32\kernel.appcore.dll
0x00007ffb4ab80000 - 0x00007ffb4ab90000 	C:\Program Files\AdoptOpenJDK\jdk-11.0.11.9-hotspot\bin\verify.dll
0x00007ffb41370000 - 0x00007ffb41554000 	C:\Windows\SYSTEM32\DBGHELP.DLL
0x00007ffb39130000 - 0x00007ffb39165000 	C:\Windows\SYSTEM32\dbgcore.DLL
0x00007ffb4e1c0000 - 0x00007ffb4e242000 	C:\Windows\System32\bcryptPrimitives.dll
0x00007ffb22420000 - 0x00007ffb22448000 	C:\Program Files\AdoptOpenJDK\jdk-11.0.11.9-hotspot\bin\java.dll
0x00007ffb48de0000 - 0x00007ffb48dea000 	C:\Program Files\AdoptOpenJDK\jdk-11.0.11.9-hotspot\bin\jimage.dll
0x00007ffb4aad0000 - 0x00007ffb4aade000 	C:\Program Files\AdoptOpenJDK\jdk-11.0.11.9-hotspot\bin\instrument.dll
0x00007ffb22400000 - 0x00007ffb22417000 	C:\Program Files\AdoptOpenJDK\jdk-11.0.11.9-hotspot\bin\zip.dll
0x00007ffb4fcc0000 - 0x00007ffb50404000 	C:\Windows\System32\SHELL32.dll
0x00007ffb4c0e0000 - 0x00007ffb4c872000 	C:\Windows\SYSTEM32\windows.storage.dll
0x00007ffb505b0000 - 0x00007ffb50905000 	C:\Windows\System32\combase.dll
0x00007ffb4d9c0000 - 0x00007ffb4d9f0000 	C:\Windows\SYSTEM32\Wldp.dll
0x00007ffb4f150000 - 0x00007ffb4f1fd000 	C:\Windows\System32\SHCORE.dll
0x00007ffb4f9a0000 - 0x00007ffb4f9f5000 	C:\Windows\System32\shlwapi.dll
0x00007ffb4df80000 - 0x00007ffb4df9f000 	C:\Windows\SYSTEM32\profapi.dll
0x00007ffb223e0000 - 0x00007ffb223f9000 	C:\Program Files\AdoptOpenJDK\jdk-11.0.11.9-hotspot\bin\net.dll
0x00007ffb45d00000 - 0x00007ffb45e0c000 	C:\Windows\SYSTEM32\WINHTTP.dll
0x00007ffb4d7a0000 - 0x00007ffb4d80a000 	C:\Windows\system32\mswsock.dll
0x00007ffb221c0000 - 0x00007ffb221d2000 	C:\Program Files\AdoptOpenJDK\jdk-11.0.11.9-hotspot\bin\nio.dll
0x00007ffb22ac0000 - 0x00007ffb22ada000 	C:\Program Files\JetBrains\IntelliJ IDEA 2021.1\bin\breakgen64.dll
0x00007ffaf5020000 - 0x00007ffaf51b9000 	C:\Program Files\AdoptOpenJDK\jdk-11.0.11.9-hotspot\bin\awt.dll
0x00007ffb4f420000 - 0x00007ffb4f4ed000 	C:\Windows\System32\OLEAUT32.dll
0x00007ffb4b820000 - 0x00007ffb4b8b1000 	C:\Windows\SYSTEM32\apphelp.dll
0x00007ffac0ba0000 - 0x00007ffac1baf000 	C:\Users\Joseph\.skiko\3afab22d8e87e46e9a6a0d235e4e7962d9f8426761faef5a0a3b1ababd4428dc\skiko-windows-x64.dll
0x00007ffb4bbf0000 - 0x00007ffb4bc1f000 	C:\Windows\SYSTEM32\dwmapi.dll
0x00007ffb221e0000 - 0x00007ffb22305000 	C:\Windows\SYSTEM32\OPENGL32.dll
0x00007ffb48770000 - 0x00007ffb4879c000 	C:\Windows\SYSTEM32\GLU32.dll
0x00007ffb4b970000 - 0x00007ffb4ba0e000 	C:\Windows\system32\uxtheme.dll
0x00007ffb50490000 - 0x00007ffb505a5000 	C:\Windows\System32\MSCTF.dll
0x00007ffb4ee00000 - 0x00007ffb4ef2a000 	C:\Windows\System32\ole32.dll
0x00007ffb26300000 - 0x00007ffb2657f000 	C:\Windows\SYSTEM32\dwrite.dll
0x00007ffb43050000 - 0x00007ffb4321e000 	C:\Windows\system32\d3d9.dll
0x00007ffb43ea0000 - 0x00007ffb43f5e000 	C:\Windows\System32\DriverStore\FileRepository\nv_dispig.inf_amd64_f52c4b8723f8dd33\nvldumdx.dll
0x00007ffb4dc30000 - 0x00007ffb4dc42000 	C:\Windows\SYSTEM32\msasn1.dll
0x00007ffb46d70000 - 0x00007ffb46da1000 	C:\Windows\SYSTEM32\cryptnet.dll
0x00007ffb4e2c0000 - 0x00007ffb4e416000 	C:\Windows\System32\CRYPT32.dll
0x00007ffb46160000 - 0x00007ffb462a8000 	C:\Windows\SYSTEM32\drvstore.dll
0x00007ffb4ddf0000 - 0x00007ffb4de1c000 	C:\Windows\SYSTEM32\devobj.dll
0x00007ffb4e040000 - 0x00007ffb4e08e000 	C:\Windows\System32\cfgmgr32.dll
0x00007ffb4d930000 - 0x00007ffb4d93c000 	C:\Windows\SYSTEM32\cryptbase.dll
0x00007ffb4e250000 - 0x00007ffb4e2b9000 	C:\Windows\System32\WINTRUST.DLL
0x00007ffb4ef30000 - 0x00007ffb4ef4d000 	C:\Windows\System32\imagehlp.dll
0x00007ffb4da00000 - 0x00007ffb4da18000 	C:\Windows\SYSTEM32\CRYPTSP.dll
0x00007ffb4d070000 - 0x00007ffb4d0a4000 	C:\Windows\system32\rsaenh.dll
0x00007ffb4e960000 - 0x00007ffb4e987000 	C:\Windows\System32\bcrypt.dll
0x00007ffabe590000 - 0x00007ffac0b9b000 	C:\Windows\System32\DriverStore\FileRepository\nv_dispig.inf_amd64_f52c4b8723f8dd33\nvd3dumx.dll
0x00007ffaf4060000 - 0x00007ffaf432f000 	C:\Windows\system32\nvspcap64.dll
0x00007ffb4d190000 - 0x00007ffb4d1c3000 	C:\Windows\SYSTEM32\ntmarta.dll
0x00007ffb4c890000 - 0x00007ffb4c8b3000 	C:\Windows\SYSTEM32\gpapi.dll
0x00007ffb44880000 - 0x00007ffb448bb000 	C:\Windows\SYSTEM32\dxcore.dll
0x00007ffb14870000 - 0x00007ffb148f5000 	C:\Program Files\AdoptOpenJDK\jdk-11.0.11.9-hotspot\bin\freetype.dll
0x00007ffb22450000 - 0x00007ffb22462000 	C:\Program Files\AdoptOpenJDK\jdk-11.0.11.9-hotspot\bin\fontmanager.dll
0x00007ffb0f2f0000 - 0x00007ffb0f3ac000 	C:\Program Files\AdoptOpenJDK\jdk-11.0.11.9-hotspot\bin\harfbuzz.dll
0x00007ffb30e10000 - 0x00007ffb30e17000 	C:\Program Files\AdoptOpenJDK\jdk-11.0.11.9-hotspot\bin\jawt.dll
0x00007ffb4c8c0000 - 0x00007ffb4c9b3000 	C:\Windows\SYSTEM32\Dxgi.dll
0x00007ffb22150000 - 0x00007ffb22170000 	C:\Windows\SYSTEM32\D3D12.dll
0x00007ffae2170000 - 0x00007ffae233d000 	C:\Windows\SYSTEM32\D3D12Core.dll
0x00007ffb3b8d0000 - 0x00007ffb3ef5d000 	C:\Windows\System32\DriverStore\FileRepository\nv_dispig.inf_amd64_f52c4b8723f8dd33\nvwgf2umx.dll
0x00007ffb1f8b0000 - 0x00007ffb1f8db000 	C:\Windows\SYSTEM32\D3DSCache.dll
0x00007ffb4df40000 - 0x00007ffb4df6e000 	C:\Windows\SYSTEM32\USERENV.dll
0x00007ffb48ba0000 - 0x00007ffb48da0000 	C:\Windows\SYSTEM32\twinapi.appcore.dll
0x00007ffb2ff50000 - 0x00007ffb30049000 	C:\Windows\SYSTEM32\textinputframework.dll
0x00007ffb4b510000 - 0x00007ffb4b602000 	C:\Windows\System32\CoreMessaging.dll
0x00007ffb4b1b0000 - 0x00007ffb4b50e000 	C:\Windows\System32\CoreUIComponents.dll
0x00007ffb4a950000 - 0x00007ffb4aaa4000 	C:\Windows\SYSTEM32\wintypes.dll

dbghelp: loaded successfully - version: 4.0.5 - missing functions: none
symbol engine: initialized successfully - sym options: 0x614 - pdb path: .;C:\Program Files\AdoptOpenJDK\jdk-11.0.11.9-hotspot\bin;C:\Windows\SYSTEM32;C:\Windows\WinSxS\amd64_microsoft.windows.common-controls_6595b64144ccf1df_6.0.19041.1110_none_60b5254171f9507e;C:\Program Files\AdoptOpenJDK\jdk-11.0.11.9-hotspot\bin\server;C:\Program Files\JetBrains\IntelliJ IDEA 2021.1\bin;C:\Users\Joseph\.skiko\3afab22d8e87e46e9a6a0d235e4e7962d9f8426761faef5a0a3b1ababd4428dc;C:\Windows\System32\DriverStore\FileRepository\nv_dispig.inf_amd64_f52c4b8723f8dd33

VM Arguments:
jvm_args: -javaagent:C:\Program Files\JetBrains\IntelliJ IDEA 2021.1\lib\idea_rt.jar=53964:C:\Program Files\JetBrains\IntelliJ IDEA 2021.1\bin -Dfile.encoding=UTF-8 
java_command: MainKt
java_class_path (initial): C:\Users\Joseph\IdeaProjects\skia-test\build\classes\kotlin\main;C:\Users\Joseph\.gradle\caches\modules-2\files-2.1\org.jetbrains.skiko\skiko-awt-runtime-windows-x64\0.7.45\b7a81e1c6e7cc75a25a797a6a96f087ee55f7b0f\skiko-awt-runtime-windows-x64-0.7.45.jar;C:\Users\Joseph\.gradle\caches\modules-2\files-2.1\org.jetbrains.kotlin\kotlin-stdlib-jdk8\1.8.0\ed04f49e186a116753ad70d34f0ac2925d1d8020\kotlin-stdlib-jdk8-1.8.0.jar;C:\Users\Joseph\.gradle\caches\modules-2\files-2.1\org.jetbrains.skiko\skiko-awt\0.7.45\a38e300cf3529aa5ecc53959aab1ef2d57ba7bd1\skiko-awt-0.7.45.jar;C:\Users\Joseph\.gradle\caches\modules-2\files-2.1\org.jetbrains.kotlin\kotlin-stdlib-jdk7\1.8.0\3c91271347f678c239607abb676d4032a7898427\kotlin-stdlib-jdk7-1.8.0.jar;C:\Users\Joseph\.gradle\caches\modules-2\files-2.1\org.jetbrains.kotlin\kotlin-stdlib\1.8.0\1796921c7a3e2e2665a83e6c8d33399336cd39bc\kotlin-stdlib-1.8.0.jar;C:\Users\Joseph\.gradle\caches\modules-2\files-2.1\org.jetbrains.kotlin\kotlin-stdlib-common\1.8.0\f7197e7cc76453ac59f8b0f8d5137cc600becd36\kotlin-stdlib-common-1.8.0.jar;C:\Users\Joseph\.gradle\caches\modules-2\files-2.1\org.jetbrains\annotations\13.0\919f0dfe192fb4e063e7dacadee7f8bb9a2672a9\annotations-13.0.jar;C:\Users\Joseph\.gradle\caches\modules-2\files-2.1\org.jetbrains.kotlinx\kotlinx-coroutines-core-jvm\1.5.2\f4cc07a50437659e0043e7da762809a46932b6a0\kotlinx-coroutines-core-jvm-1.5.2.jar
Launcher Type: SUN_STANDARD

[Global flags]
     intx CICompilerCount                          = 12                                        {product} {ergonomic}
     uint ConcGCThreads                            = 3                                         {product} {ergonomic}
     uint G1ConcRefinementThreads                  = 13                                        {product} {ergonomic}
   size_t G1HeapRegionSize                         = 2097152                                   {product} {ergonomic}
    uintx GCDrainStackTargetSize                   = 64                                        {product} {ergonomic}
   size_t InitialHeapSize                          = 536870912                                 {product} {ergonomic}
   size_t MarkStackSize                            = 4194304                                   {product} {ergonomic}
   size_t MaxHeapSize                              = 8566865920                                {product} {ergonomic}
   size_t MaxNewSize                               = 5140119552                                {product} {ergonomic}
   size_t MinHeapDeltaBytes                        = 2097152                                   {product} {ergonomic}
    uintx NonNMethodCodeHeapSize                   = 7594288                                {pd product} {ergonomic}
    uintx NonProfiledCodeHeapSize                  = 122031976                              {pd product} {ergonomic}
    uintx ProfiledCodeHeapSize                     = 122031976                              {pd product} {ergonomic}
    uintx ReservedCodeCacheSize                    = 251658240                              {pd product} {ergonomic}
     bool SegmentedCodeCache                       = true                                      {product} {ergonomic}
     bool UseCompressedClassPointers               = true                                 {lp64_product} {ergonomic}
     bool UseCompressedOops                        = true                                 {lp64_product} {ergonomic}
     bool UseG1GC                                  = true                                      {product} {ergonomic}
     bool UseLargePagesIndividualAllocation        = false                                  {pd product} {ergonomic}

Logging:
Log output configuration:
 #0: stdout all=warning uptime,level,tags
 #1: stderr all=off uptime,level,tags

Environment Variables:
JAVA_HOME=C:\Program Files\AdoptOpenJDK\jdk-11.0.11.9-hotspot\
PATH=C:\Program Files\Oculus\Support\oculus-runtime;C:\Python39\Scripts\;C:\Python39\;C:\Program Files\AdoptOpenJDK\jdk-11.0.11.9-hotspot\bin;C:\Windows\system32;C:\Windows;C:\Windows\System32\Wbem;C:\Windows\System32\WindowsPowerShell\v1.0\;C:\Windows\System32\OpenSSH\;C:\Program Files\Git\cmd;C:\Program Files (x86)\nodejs\;C:\ProgramData\chocolatey\bin;C:\Program Files (x86)\NVIDIA Corporation\PhysX\Common;C:\Program Files\NVIDIA Corporation\NVIDIA NvDLISR;C:\Program Files\Docker\Docker\resources\bin;C:\ProgramData\DockerDesktop\version-bin;C:\Library\Developer\Toolchains\unknown-Asserts-development.xctoolchain\usr\bin;C:\Library\Swift-development\bin;C:\Library\icu-67\usr\bin;C:\Users\Joseph\AppData\Local\Microsoft\WindowsApps;C:\Users\Joseph\AppData\Local\Programs\Microsoft VS Code\bin;C:\Program Files\JetBrains\IntelliJ IDEA 2021.1\bin;;C:\Users\Joseph\AppData\Roaming\npm;C:\Program Files\JetBrains\JetBrains Rider 2021.1.3\bin;;C:\Users\Joseph\IdeaProjects\skate\build\install\skate\bin;C:\Users\Joseph\IdeaProjects\CLI-Redmine\build\install\lk-rm-time-tracker\bin;C:\Library\Developer\Toolchains\unknown-Asserts-development.xctoolchain\usr\bin;C:\Users\Joseph\nim\bin;;C:\Users\Joseph\.nimble\bin;C:\Users\Joseph\AppData\Local\JetBrains\Toolbox\scripts
USERNAME=Joseph
OS=Windows_NT
PROCESSOR_IDENTIFIER=AMD64 Family 25 Model 33 Stepping 0, AuthenticAMD



---------------  S Y S T E M  ---------------

OS: Windows 10 , 64 bit Build 19041 (10.0.19041.2364)
OS uptime: 0 days 8:56 hours
Hyper-V role detected

CPU:total 16 (initial active 16) (16 cores per cpu, 2 threads per core) family 25 model 33 stepping 0 microcode 0x0, cmov, cx8, fxsr, mmx, sse, sse2, sse3, ssse3, sse4.1, sse4.2, popcnt, avx, avx2, aes, clmul, erms, mmxext, 3dnowpref, lzcnt, sse4a, ht, tsc, tscinvbit, tscinv, bmi1, bmi2,

Memory: 4k page, system-wide physical 32673M (17860M free)
TotalPageFile size 37537M (AvailPageFile size 19663M)
current process WorkingSet (physical memory assigned to process): 164M, peak: 164M
current process commit charge ("private bytes"): 727M, peak: 727M

vm_info: OpenJDK 64-Bit Server VM (11.0.11+9) for windows-amd64 JRE (11.0.11+9), built on Apr 20 2021 21:22:09 by "" with MS VC++ 15.9 (VS2017)

END.
